#
# There is insufficient memory for the Java Runtime Environment to continue.
# Native memory allocation (malloc) failed to allocate 1210016 bytes for Chunk::new
# Possible reasons:
#   The system is out of physical RAM or swap space
#   The process is running with CompressedOops enabled, and the Java Heap may be blocking the growth of the native heap
# Possible solutions:
#   Reduce memory load on the system
#   Increase physical memory or swap space
#   Check if swap backing store is full
#   Decrease Java heap size (-Xmx/-Xms)
#   Decrease number of Java threads
#   Decrease Java thread stack sizes (-Xss)
#   Set larger code cache with -XX:ReservedCodeCacheSize=
#   JVM is running with Zero Based Compressed Oops mode in which the Java heap is
#     placed in the first 32GB address space. The Java Heap base address is the
#     maximum limit for the native heap growth. Please use -XX:HeapBaseMinAddress
#     to set the Java Heap base and to place the Java Heap above 32GB virtual address.
# This output file may be truncated or incomplete.
#
#  Out of Memory Error (arena.cpp:189), pid=39812, tid=1356
#
# JRE version: Java(TM) SE Runtime Environment (17.0.11+7) (build 17.0.11+7-LTS-207)
# Java VM: Java HotSpot(TM) 64-Bit Server VM (17.0.11+7-LTS-207, mixed mode, sharing, tiered, compressed oops, compressed class ptrs, g1 gc, windows-amd64)
# No core dump will be written. Minidumps are not enabled by default on client versions of Windows
#

---------------  S U M M A R Y ------------

Command Line: -javaagent:C:\Program Files\JetBrains\IntelliJ IDEA Community Edition 2023.3.4\lib\idea_rt.jar=59726:C:\Program Files\JetBrains\IntelliJ IDEA Community Edition 2023.3.4\bin -Dfile.encoding=UTF-8 com.ProjectManagementApp.ProjectManagementAppApplication

Host: AMD Ryzen 7 5700U with Radeon Graphics         , 16 cores, 15G,  Windows 11 , 64 bit Build 26100 (10.0.26100.8737)
Time: Wed Jul  1 12:12:20 2026 Eastern Daylight Time elapsed time: 4.689188 seconds (0d 0h 0m 4s)

---------------  T H R E A D  ---------------

Current thread (0x0000018ff8b27150):  JavaThread "C2 CompilerThread1" daemon [_thread_in_native, id=1356, stack(0x0000008661100000,0x0000008661200000)]


Current CompileTask:
C2:   4689 1926       4       jdk.internal.org.objectweb.asm.Frame::execute (2305 bytes)

Stack: [0x0000008661100000,0x0000008661200000]
Native frames: (J=compiled Java code, j=interpreted, Vv=VM code, C=native code)
V  [jvm.dll+0x679cca]
V  [jvm.dll+0x7da13d]
V  [jvm.dll+0x7dba83]
V  [jvm.dll+0x7dc0f3]
V  [jvm.dll+0x2449af]
V  [jvm.dll+0xab83b]
V  [jvm.dll+0xabe1c]
V  [jvm.dll+0x3615ae]
V  [jvm.dll+0x1b9fca]
V  [jvm.dll+0x216337]
V  [jvm.dll+0x21560f]
V  [jvm.dll+0x1a2040]
V  [jvm.dll+0x225a2b]
V  [jvm.dll+0x223bcb]
V  [jvm.dll+0x7903ec]
V  [jvm.dll+0x78a85a]
V  [jvm.dll+0x678bb5]
C  [ucrtbase.dll+0x2cd30]
C  [KERNEL32.DLL+0x2e957]
C  [ntdll.dll+0xaad6c]


---------------  P R O C E S S  ---------------

Threads class SMR info:
_java_thread_list=0x0000018ff9cdb540, length=21, elements={
0x0000018f8f24f070, 0x0000018fb25232e0, 0x0000018fb2526430, 0x0000018fb2537b40,
0x0000018fb2538c80, 0x0000018fb2539250, 0x0000018fb253e3a0, 0x0000018fb254fc90,
0x0000018fb2558fb0, 0x0000018fb255b4e0, 0x0000018fb250ae00, 0x0000018fb282b890,
0x0000018fb284d010, 0x0000018ff8a1c3a0, 0x0000018ff8a24ea0, 0x0000018ff8b27150,
0x0000018ff898d5d0, 0x0000018ff8bec760, 0x0000018ff8966440, 0x0000018fb2655b40,
0x0000018fb2671280
}

Java Threads: ( => current thread )
  0x0000018f8f24f070 JavaThread "main" [_thread_blocked, id=20260, stack(0x000000865fd00000,0x000000865fe00000)]
  0x0000018fb25232e0 JavaThread "Reference Handler" daemon [_thread_blocked, id=8624, stack(0x0000008660400000,0x0000008660500000)]
  0x0000018fb2526430 JavaThread "Finalizer" daemon [_thread_blocked, id=15512, stack(0x0000008660500000,0x0000008660600000)]
  0x0000018fb2537b40 JavaThread "Signal Dispatcher" daemon [_thread_blocked, id=11624, stack(0x0000008660600000,0x0000008660700000)]
  0x0000018fb2538c80 JavaThread "Attach Listener" daemon [_thread_blocked, id=31832, stack(0x0000008660700000,0x0000008660800000)]
  0x0000018fb2539250 JavaThread "Service Thread" daemon [_thread_blocked, id=32612, stack(0x0000008660800000,0x0000008660900000)]
  0x0000018fb253e3a0 JavaThread "Monitor Deflation Thread" daemon [_thread_blocked, id=40908, stack(0x0000008660900000,0x0000008660a00000)]
  0x0000018fb254fc90 JavaThread "C2 CompilerThread0" daemon [_thread_in_native, id=31088, stack(0x0000008660a00000,0x0000008660b00000)]
  0x0000018fb2558fb0 JavaThread "C1 CompilerThread0" daemon [_thread_in_native, id=20044, stack(0x0000008660b00000,0x0000008660c00000)]
  0x0000018fb255b4e0 JavaThread "Sweeper thread" daemon [_thread_blocked, id=11640, stack(0x0000008660c00000,0x0000008660d00000)]
  0x0000018fb250ae00 JavaThread "Common-Cleaner" daemon [_thread_blocked, id=34076, stack(0x0000008660d00000,0x0000008660e00000)]
  0x0000018fb282b890 JavaThread "Monitor Ctrl-Break" daemon [_thread_in_native, id=2724, stack(0x0000008661200000,0x0000008661300000)]
  0x0000018fb284d010 JavaThread "Notification Thread" daemon [_thread_blocked, id=34564, stack(0x0000008661300000,0x0000008661400000)]
  0x0000018ff8a1c3a0 JavaThread "Thread-0" [_thread_blocked, id=27712, stack(0x0000008661a00000,0x0000008661b00000)]
  0x0000018ff8a24ea0 JavaThread "restartedMain" [_thread_in_vm, id=13776, stack(0x0000008661b00000,0x0000008661c00000)]
=>0x0000018ff8b27150 JavaThread "C2 CompilerThread1" daemon [_thread_in_native, id=1356, stack(0x0000008661100000,0x0000008661200000)]
  0x0000018ff898d5d0 JavaThread "background-preinit" [_thread_in_Java, id=14060, stack(0x0000008661000000,0x0000008661100000)]
  0x0000018ff8bec760 JavaThread "C2 CompilerThread2" daemon [_thread_in_native, id=40736, stack(0x0000008662100000,0x0000008662200000)]
  0x0000018ff8966440 JavaThread "C1 CompilerThread1" daemon [_thread_in_native, id=38640, stack(0x0000008660e00000,0x0000008660f00000)]
  0x0000018fb2655b40 JavaThread "C1 CompilerThread2" daemon [_thread_in_native, id=32476, stack(0x0000008660f00000,0x0000008661000000)]
  0x0000018fb2671280 JavaThread "C1 CompilerThread3" daemon [_thread_in_native_trans, id=40160, stack(0x0000008662200000,0x0000008662300000)]

Other Threads:
  0x0000018fb251aca0 VMThread "VM Thread" [stack: 0x0000008660300000,0x0000008660400000] [id=14576]
  0x0000018f8f301790 WatcherThread [stack: 0x0000008661400000,0x0000008661500000] [id=28900]
  0x0000018f8f2ba9c0 GCTaskThread "GC Thread#0" [stack: 0x000000865fe00000,0x000000865ff00000] [id=35508]
  0x0000018ff88c2ef0 GCTaskThread "GC Thread#1" [stack: 0x0000008661500000,0x0000008661600000] [id=37012]
  0x0000018ff8899870 GCTaskThread "GC Thread#2" [stack: 0x0000008661600000,0x0000008661700000] [id=36836]
  0x0000018ff8899b30 GCTaskThread "GC Thread#3" [stack: 0x0000008661700000,0x0000008661800000] [id=28216]
  0x0000018ff8899df0 GCTaskThread "GC Thread#4" [stack: 0x0000008661800000,0x0000008661900000] [id=21480]
  0x0000018ff8ac2910 GCTaskThread "GC Thread#5" [stack: 0x0000008661900000,0x0000008661a00000] [id=30988]
  0x0000018ff8c5cfd0 GCTaskThread "GC Thread#6" [stack: 0x0000008661c00000,0x0000008661d00000] [id=16740]
  0x0000018ff8de3700 GCTaskThread "GC Thread#7" [stack: 0x0000008661d00000,0x0000008661e00000] [id=29628]
  0x0000018ff8d88bc0 GCTaskThread "GC Thread#8" [stack: 0x0000008661e00000,0x0000008661f00000] [id=33280]
  0x0000018ff8bedd00 GCTaskThread "GC Thread#9" [stack: 0x0000008661f00000,0x0000008662000000] [id=29188]
  0x0000018ff9d1c7a0 GCTaskThread "GC Thread#10" [stack: 0x0000008662000000,0x0000008662100000] [id=40852]
  0x0000018f8f2ccd60 ConcurrentGCThread "G1 Main Marker" [stack: 0x000000865ff00000,0x0000008660000000] [id=23672]
  0x0000018f8f2ce340 ConcurrentGCThread "G1 Conc#0" [stack: 0x0000008660000000,0x0000008660100000] [id=38368]
  0x0000018fb23d8bb0 ConcurrentGCThread "G1 Refine#0" [stack: 0x0000008660100000,0x0000008660200000] [id=40500]
  0x0000018fb23d8f90 ConcurrentGCThread "G1 Service" [stack: 0x0000008660200000,0x0000008660300000] [id=2036]

Threads with active compile tasks:
C2 CompilerThread0     4765 2066   !   4       java.net.URL::<init> (543 bytes)
C1 CompilerThread0     4765 2131       3       sun.util.locale.InternalLocaleBuilder::setLanguageTag (173 bytes)
C2 CompilerThread1     4765 1926       4       jdk.internal.org.objectweb.asm.Frame::execute (2305 bytes)
C2 CompilerThread2     4765 2080   !   4       java.util.concurrent.ConcurrentHashMap::transfer (849 bytes)
C1 CompilerThread1     4765 2130       3       sun.util.locale.LanguageTag::parseExtensions (208 bytes)
C1 CompilerThread2     4765 2141       3       sun.util.locale.LocaleObjectCache::normalizeKey (2 bytes)
C1 CompilerThread3     4766 2136       3       sun.util.locale.InternalLocaleBuilder::setExtensions (206 bytes)

VM state: not at safepoint (normal execution)

VM Mutex/Monitor currently owned by a thread: None

Heap address: 0x000000070ac00000, size: 3924 MB, Compressed Oops mode: Zero based, Oop shift amount: 3

CDS archive(s) mapped at: [0x0000018fb3000000-0x0000018fb3bd0000-0x0000018fb3bd0000), size 12386304, SharedBaseAddress: 0x0000018fb3000000, ArchiveRelocationMode: 1.
Compressed class space mapped at: 0x0000018fb4000000-0x0000018ff4000000, reserved size: 1073741824
Narrow klass base: 0x0000018fb3000000, Narrow klass shift: 0, Narrow klass range: 0x100000000

GC Precious Log:
 CPUs: 16 total, 16 available
 Memory: 15693M
 Large Page Support: Disabled
 NUMA Support: Disabled
 Compressed Oops: Enabled (Zero based)
 Heap Region Size: 2M
 Heap Min Capacity: 8M
 Heap Initial Capacity: 246M
 Heap Max Capacity: 3924M
 Pre-touch: Disabled
 Parallel Workers: 13
 Concurrent Workers: 3
 Concurrent Refinement Workers: 13
 Periodic GC: Disabled

Heap:
 garbage-first heap   total 251904K, used 17684K [0x000000070ac00000, 0x0000000800000000)
  region size 2048K, 7 young (14336K), 2 survivors (4096K)
 Metaspace       used 12788K, committed 13120K, reserved 1114112K
  class space    used 1583K, committed 1728K, reserved 1048576K

Heap Regions: E=young(eden), S=young(survivor), O=old, HS=humongous(starts), HC=humongous(continues), CS=collection set, F=free, OA=open archive, CA=closed archive, TAMS=top-at-mark-start (previous, next)
|   0|0x000000070ac00000, 0x000000070ae00000, 0x000000070ae00000|100%| O|  |TAMS 0x000000070ac00000, 0x000000070ac00000| Untracked 
|   1|0x000000070ae00000, 0x000000070b000000, 0x000000070b000000|100%| O|  |TAMS 0x000000070ae00000, 0x000000070ae00000| Untracked 
|   2|0x000000070b000000, 0x000000070b200000, 0x000000070b200000|100%| O|  |TAMS 0x000000070b000000, 0x000000070b000000| Untracked 
|   3|0x000000070b200000, 0x000000070b31b400, 0x000000070b400000| 55%| O|  |TAMS 0x000000070b200000, 0x000000070b200000| Untracked 
|   4|0x000000070b400000, 0x000000070b400000, 0x000000070b600000|  0%| F|  |TAMS 0x000000070b400000, 0x000000070b400000| Untracked 
|   5|0x000000070b600000, 0x000000070b600000, 0x000000070b800000|  0%| F|  |TAMS 0x000000070b600000, 0x000000070b600000| Untracked 
|   6|0x000000070b800000, 0x000000070b800000, 0x000000070ba00000|  0%| F|  |TAMS 0x000000070b800000, 0x000000070b800000| Untracked 
|   7|0x000000070ba00000, 0x000000070ba00000, 0x000000070bc00000|  0%| F|  |TAMS 0x000000070ba00000, 0x000000070ba00000| Untracked 
|   8|0x000000070bc00000, 0x000000070bc00000, 0x000000070be00000|  0%| F|  |TAMS 0x000000070bc00000, 0x000000070bc00000| Untracked 
|   9|0x000000070be00000, 0x000000070be00000, 0x000000070c000000|  0%| F|  |TAMS 0x000000070be00000, 0x000000070be00000| Untracked 
|  10|0x000000070c000000, 0x000000070c000000, 0x000000070c200000|  0%| F|  |TAMS 0x000000070c000000, 0x000000070c000000| Untracked 
|  11|0x000000070c200000, 0x000000070c200000, 0x000000070c400000|  0%| F|  |TAMS 0x000000070c200000, 0x000000070c200000| Untracked 
|  12|0x000000070c400000, 0x000000070c400000, 0x000000070c600000|  0%| F|  |TAMS 0x000000070c400000, 0x000000070c400000| Untracked 
|  13|0x000000070c600000, 0x000000070c600000, 0x000000070c800000|  0%| F|  |TAMS 0x000000070c600000, 0x000000070c600000| Untracked 
|  14|0x000000070c800000, 0x000000070c800000, 0x000000070ca00000|  0%| F|  |TAMS 0x000000070c800000, 0x000000070c800000| Untracked 
|  15|0x000000070ca00000, 0x000000070ca00000, 0x000000070cc00000|  0%| F|  |TAMS 0x000000070ca00000, 0x000000070ca00000| Untracked 
|  16|0x000000070cc00000, 0x000000070cc00000, 0x000000070ce00000|  0%| F|  |TAMS 0x000000070cc00000, 0x000000070cc00000| Untracked 
|  17|0x000000070ce00000, 0x000000070ce00000, 0x000000070d000000|  0%| F|  |TAMS 0x000000070ce00000, 0x000000070ce00000| Untracked 
|  18|0x000000070d000000, 0x000000070d000000, 0x000000070d200000|  0%| F|  |TAMS 0x000000070d000000, 0x000000070d000000| Untracked 
|  19|0x000000070d200000, 0x000000070d200000, 0x000000070d400000|  0%| F|  |TAMS 0x000000070d200000, 0x000000070d200000| Untracked 
|  20|0x000000070d400000, 0x000000070d400000, 0x000000070d600000|  0%| F|  |TAMS 0x000000070d400000, 0x000000070d400000| Untracked 
|  21|0x000000070d600000, 0x000000070d600000, 0x000000070d800000|  0%| F|  |TAMS 0x000000070d600000, 0x000000070d600000| Untracked 
|  22|0x000000070d800000, 0x000000070d800000, 0x000000070da00000|  0%| F|  |TAMS 0x000000070d800000, 0x000000070d800000| Untracked 
|  23|0x000000070da00000, 0x000000070da00000, 0x000000070dc00000|  0%| F|  |TAMS 0x000000070da00000, 0x000000070da00000| Untracked 
|  24|0x000000070dc00000, 0x000000070dc00000, 0x000000070de00000|  0%| F|  |TAMS 0x000000070dc00000, 0x000000070dc00000| Untracked 
|  25|0x000000070de00000, 0x000000070de00000, 0x000000070e000000|  0%| F|  |TAMS 0x000000070de00000, 0x000000070de00000| Untracked 
|  26|0x000000070e000000, 0x000000070e000000, 0x000000070e200000|  0%| F|  |TAMS 0x000000070e000000, 0x000000070e000000| Untracked 
|  27|0x000000070e200000, 0x000000070e200000, 0x000000070e400000|  0%| F|  |TAMS 0x000000070e200000, 0x000000070e200000| Untracked 
|  28|0x000000070e400000, 0x000000070e400000, 0x000000070e600000|  0%| F|  |TAMS 0x000000070e400000, 0x000000070e400000| Untracked 
|  29|0x000000070e600000, 0x000000070e600000, 0x000000070e800000|  0%| F|  |TAMS 0x000000070e600000, 0x000000070e600000| Untracked 
|  30|0x000000070e800000, 0x000000070e800000, 0x000000070ea00000|  0%| F|  |TAMS 0x000000070e800000, 0x000000070e800000| Untracked 
|  31|0x000000070ea00000, 0x000000070ea00000, 0x000000070ec00000|  0%| F|  |TAMS 0x000000070ea00000, 0x000000070ea00000| Untracked 
|  32|0x000000070ec00000, 0x000000070ec00000, 0x000000070ee00000|  0%| F|  |TAMS 0x000000070ec00000, 0x000000070ec00000| Untracked 
|  33|0x000000070ee00000, 0x000000070ee00000, 0x000000070f000000|  0%| F|  |TAMS 0x000000070ee00000, 0x000000070ee00000| Untracked 
|  34|0x000000070f000000, 0x000000070f000000, 0x000000070f200000|  0%| F|  |TAMS 0x000000070f000000, 0x000000070f000000| Untracked 
|  35|0x000000070f200000, 0x000000070f200000, 0x000000070f400000|  0%| F|  |TAMS 0x000000070f200000, 0x000000070f200000| Untracked 
|  36|0x000000070f400000, 0x000000070f400000, 0x000000070f600000|  0%| F|  |TAMS 0x000000070f400000, 0x000000070f400000| Untracked 
|  37|0x000000070f600000, 0x000000070f600000, 0x000000070f800000|  0%| F|  |TAMS 0x000000070f600000, 0x000000070f600000| Untracked 
|  38|0x000000070f800000, 0x000000070f800000, 0x000000070fa00000|  0%| F|  |TAMS 0x000000070f800000, 0x000000070f800000| Untracked 
|  39|0x000000070fa00000, 0x000000070fa00000, 0x000000070fc00000|  0%| F|  |TAMS 0x000000070fa00000, 0x000000070fa00000| Untracked 
|  40|0x000000070fc00000, 0x000000070fc00000, 0x000000070fe00000|  0%| F|  |TAMS 0x000000070fc00000, 0x000000070fc00000| Untracked 
|  41|0x000000070fe00000, 0x000000070fe00000, 0x0000000710000000|  0%| F|  |TAMS 0x000000070fe00000, 0x000000070fe00000| Untracked 
|  42|0x0000000710000000, 0x0000000710000000, 0x0000000710200000|  0%| F|  |TAMS 0x0000000710000000, 0x0000000710000000| Untracked 
|  43|0x0000000710200000, 0x0000000710200000, 0x0000000710400000|  0%| F|  |TAMS 0x0000000710200000, 0x0000000710200000| Untracked 
|  44|0x0000000710400000, 0x0000000710400000, 0x0000000710600000|  0%| F|  |TAMS 0x0000000710400000, 0x0000000710400000| Untracked 
|  45|0x0000000710600000, 0x0000000710600000, 0x0000000710800000|  0%| F|  |TAMS 0x0000000710600000, 0x0000000710600000| Untracked 
|  46|0x0000000710800000, 0x0000000710800000, 0x0000000710a00000|  0%| F|  |TAMS 0x0000000710800000, 0x0000000710800000| Untracked 
|  47|0x0000000710a00000, 0x0000000710a00000, 0x0000000710c00000|  0%| F|  |TAMS 0x0000000710a00000, 0x0000000710a00000| Untracked 
|  48|0x0000000710c00000, 0x0000000710c00000, 0x0000000710e00000|  0%| F|  |TAMS 0x0000000710c00000, 0x0000000710c00000| Untracked 
|  49|0x0000000710e00000, 0x0000000710e00000, 0x0000000711000000|  0%| F|  |TAMS 0x0000000710e00000, 0x0000000710e00000| Untracked 
|  50|0x0000000711000000, 0x0000000711000000, 0x0000000711200000|  0%| F|  |TAMS 0x0000000711000000, 0x0000000711000000| Untracked 
|  51|0x0000000711200000, 0x0000000711200000, 0x0000000711400000|  0%| F|  |TAMS 0x0000000711200000, 0x0000000711200000| Untracked 
|  52|0x0000000711400000, 0x0000000711400000, 0x0000000711600000|  0%| F|  |TAMS 0x0000000711400000, 0x0000000711400000| Untracked 
|  53|0x0000000711600000, 0x0000000711600000, 0x0000000711800000|  0%| F|  |TAMS 0x0000000711600000, 0x0000000711600000| Untracked 
|  54|0x0000000711800000, 0x0000000711800000, 0x0000000711a00000|  0%| F|  |TAMS 0x0000000711800000, 0x0000000711800000| Untracked 
|  55|0x0000000711a00000, 0x0000000711a00000, 0x0000000711c00000|  0%| F|  |TAMS 0x0000000711a00000, 0x0000000711a00000| Untracked 
|  56|0x0000000711c00000, 0x0000000711c00000, 0x0000000711e00000|  0%| F|  |TAMS 0x0000000711c00000, 0x0000000711c00000| Untracked 
|  57|0x0000000711e00000, 0x0000000711e00000, 0x0000000712000000|  0%| F|  |TAMS 0x0000000711e00000, 0x0000000711e00000| Untracked 
|  58|0x0000000712000000, 0x0000000712000000, 0x0000000712200000|  0%| F|  |TAMS 0x0000000712000000, 0x0000000712000000| Untracked 
|  59|0x0000000712200000, 0x0000000712200000, 0x0000000712400000|  0%| F|  |TAMS 0x0000000712200000, 0x0000000712200000| Untracked 
|  60|0x0000000712400000, 0x0000000712400000, 0x0000000712600000|  0%| F|  |TAMS 0x0000000712400000, 0x0000000712400000| Untracked 
|  61|0x0000000712600000, 0x0000000712600000, 0x0000000712800000|  0%| F|  |TAMS 0x0000000712600000, 0x0000000712600000| Untracked 
|  62|0x0000000712800000, 0x0000000712800000, 0x0000000712a00000|  0%| F|  |TAMS 0x0000000712800000, 0x0000000712800000| Untracked 
|  63|0x0000000712a00000, 0x0000000712a00000, 0x0000000712c00000|  0%| F|  |TAMS 0x0000000712a00000, 0x0000000712a00000| Untracked 
|  64|0x0000000712c00000, 0x0000000712c00000, 0x0000000712e00000|  0%| F|  |TAMS 0x0000000712c00000, 0x0000000712c00000| Untracked 
|  65|0x0000000712e00000, 0x0000000712e00000, 0x0000000713000000|  0%| F|  |TAMS 0x0000000712e00000, 0x0000000712e00000| Untracked 
|  66|0x0000000713000000, 0x0000000713000000, 0x0000000713200000|  0%| F|  |TAMS 0x0000000713000000, 0x0000000713000000| Untracked 
|  67|0x0000000713200000, 0x0000000713200000, 0x0000000713400000|  0%| F|  |TAMS 0x0000000713200000, 0x0000000713200000| Untracked 
|  68|0x0000000713400000, 0x0000000713400000, 0x0000000713600000|  0%| F|  |TAMS 0x0000000713400000, 0x0000000713400000| Untracked 
|  69|0x0000000713600000, 0x0000000713600000, 0x0000000713800000|  0%| F|  |TAMS 0x0000000713600000, 0x0000000713600000| Untracked 
|  70|0x0000000713800000, 0x0000000713800000, 0x0000000713a00000|  0%| F|  |TAMS 0x0000000713800000, 0x0000000713800000| Untracked 
|  71|0x0000000713a00000, 0x0000000713a00000, 0x0000000713c00000|  0%| F|  |TAMS 0x0000000713a00000, 0x0000000713a00000| Untracked 
|  72|0x0000000713c00000, 0x0000000713c00000, 0x0000000713e00000|  0%| F|  |TAMS 0x0000000713c00000, 0x0000000713c00000| Untracked 
|  73|0x0000000713e00000, 0x0000000713e00000, 0x0000000714000000|  0%| F|  |TAMS 0x0000000713e00000, 0x0000000713e00000| Untracked 
|  74|0x0000000714000000, 0x0000000714000000, 0x0000000714200000|  0%| F|  |TAMS 0x0000000714000000, 0x0000000714000000| Untracked 
|  75|0x0000000714200000, 0x0000000714200000, 0x0000000714400000|  0%| F|  |TAMS 0x0000000714200000, 0x0000000714200000| Untracked 
|  76|0x0000000714400000, 0x0000000714400000, 0x0000000714600000|  0%| F|  |TAMS 0x0000000714400000, 0x0000000714400000| Untracked 
|  77|0x0000000714600000, 0x0000000714600000, 0x0000000714800000|  0%| F|  |TAMS 0x0000000714600000, 0x0000000714600000| Untracked 
|  78|0x0000000714800000, 0x0000000714800000, 0x0000000714a00000|  0%| F|  |TAMS 0x0000000714800000, 0x0000000714800000| Untracked 
|  79|0x0000000714a00000, 0x0000000714a00000, 0x0000000714c00000|  0%| F|  |TAMS 0x0000000714a00000, 0x0000000714a00000| Untracked 
|  80|0x0000000714c00000, 0x0000000714c00000, 0x0000000714e00000|  0%| F|  |TAMS 0x0000000714c00000, 0x0000000714c00000| Untracked 
|  81|0x0000000714e00000, 0x0000000714e00000, 0x0000000715000000|  0%| F|  |TAMS 0x0000000714e00000, 0x0000000714e00000| Untracked 
|  82|0x0000000715000000, 0x0000000715000000, 0x0000000715200000|  0%| F|  |TAMS 0x0000000715000000, 0x0000000715000000| Untracked 
|  83|0x0000000715200000, 0x0000000715200000, 0x0000000715400000|  0%| F|  |TAMS 0x0000000715200000, 0x0000000715200000| Untracked 
|  84|0x0000000715400000, 0x0000000715400000, 0x0000000715600000|  0%| F|  |TAMS 0x0000000715400000, 0x0000000715400000| Untracked 
|  85|0x0000000715600000, 0x0000000715600000, 0x0000000715800000|  0%| F|  |TAMS 0x0000000715600000, 0x0000000715600000| Untracked 
|  86|0x0000000715800000, 0x0000000715800000, 0x0000000715a00000|  0%| F|  |TAMS 0x0000000715800000, 0x0000000715800000| Untracked 
|  87|0x0000000715a00000, 0x0000000715a00000, 0x0000000715c00000|  0%| F|  |TAMS 0x0000000715a00000, 0x0000000715a00000| Untracked 
|  88|0x0000000715c00000, 0x0000000715c00000, 0x0000000715e00000|  0%| F|  |TAMS 0x0000000715c00000, 0x0000000715c00000| Untracked 
|  89|0x0000000715e00000, 0x0000000715e00000, 0x0000000716000000|  0%| F|  |TAMS 0x0000000715e00000, 0x0000000715e00000| Untracked 
|  90|0x0000000716000000, 0x0000000716000000, 0x0000000716200000|  0%| F|  |TAMS 0x0000000716000000, 0x0000000716000000| Untracked 
|  91|0x0000000716200000, 0x0000000716200000, 0x0000000716400000|  0%| F|  |TAMS 0x0000000716200000, 0x0000000716200000| Untracked 
|  92|0x0000000716400000, 0x0000000716400000, 0x0000000716600000|  0%| F|  |TAMS 0x0000000716400000, 0x0000000716400000| Untracked 
|  93|0x0000000716600000, 0x0000000716600000, 0x0000000716800000|  0%| F|  |TAMS 0x0000000716600000, 0x0000000716600000| Untracked 
|  94|0x0000000716800000, 0x0000000716800000, 0x0000000716a00000|  0%| F|  |TAMS 0x0000000716800000, 0x0000000716800000| Untracked 
|  95|0x0000000716a00000, 0x0000000716a00000, 0x0000000716c00000|  0%| F|  |TAMS 0x0000000716a00000, 0x0000000716a00000| Untracked 
|  96|0x0000000716c00000, 0x0000000716c00000, 0x0000000716e00000|  0%| F|  |TAMS 0x0000000716c00000, 0x0000000716c00000| Untracked 
|  97|0x0000000716e00000, 0x0000000716e00000, 0x0000000717000000|  0%| F|  |TAMS 0x0000000716e00000, 0x0000000716e00000| Untracked 
|  98|0x0000000717000000, 0x0000000717000000, 0x0000000717200000|  0%| F|  |TAMS 0x0000000717000000, 0x0000000717000000| Untracked 
|  99|0x0000000717200000, 0x0000000717200000, 0x0000000717400000|  0%| F|  |TAMS 0x0000000717200000, 0x0000000717200000| Untracked 
| 100|0x0000000717400000, 0x0000000717400000, 0x0000000717600000|  0%| F|  |TAMS 0x0000000717400000, 0x0000000717400000| Untracked 
| 101|0x0000000717600000, 0x0000000717600000, 0x0000000717800000|  0%| F|  |TAMS 0x0000000717600000, 0x0000000717600000| Untracked 
| 102|0x0000000717800000, 0x0000000717800000, 0x0000000717a00000|  0%| F|  |TAMS 0x0000000717800000, 0x0000000717800000| Untracked 
| 103|0x0000000717a00000, 0x0000000717a00000, 0x0000000717c00000|  0%| F|  |TAMS 0x0000000717a00000, 0x0000000717a00000| Untracked 
| 104|0x0000000717c00000, 0x0000000717c00000, 0x0000000717e00000|  0%| F|  |TAMS 0x0000000717c00000, 0x0000000717c00000| Untracked 
| 105|0x0000000717e00000, 0x0000000717e00000, 0x0000000718000000|  0%| F|  |TAMS 0x0000000717e00000, 0x0000000717e00000| Untracked 
| 106|0x0000000718000000, 0x0000000718000000, 0x0000000718200000|  0%| F|  |TAMS 0x0000000718000000, 0x0000000718000000| Untracked 
| 107|0x0000000718200000, 0x0000000718229ce8, 0x0000000718400000|  8%| S|CS|TAMS 0x0000000718200000, 0x0000000718200000| Complete 
| 108|0x0000000718400000, 0x0000000718600000, 0x0000000718600000|100%| S|CS|TAMS 0x0000000718400000, 0x0000000718400000| Complete 
| 109|0x0000000718600000, 0x0000000718600000, 0x0000000718800000|  0%| F|  |TAMS 0x0000000718600000, 0x0000000718600000| Untracked 
| 110|0x0000000718800000, 0x0000000718800000, 0x0000000718a00000|  0%| F|  |TAMS 0x0000000718800000, 0x0000000718800000| Untracked 
| 111|0x0000000718a00000, 0x0000000718a00000, 0x0000000718c00000|  0%| F|  |TAMS 0x0000000718a00000, 0x0000000718a00000| Untracked 
| 112|0x0000000718c00000, 0x0000000718c00000, 0x0000000718e00000|  0%| F|  |TAMS 0x0000000718c00000, 0x0000000718c00000| Untracked 
| 113|0x0000000718e00000, 0x0000000718e00000, 0x0000000719000000|  0%| F|  |TAMS 0x0000000718e00000, 0x0000000718e00000| Untracked 
| 114|0x0000000719000000, 0x0000000719000000, 0x0000000719200000|  0%| F|  |TAMS 0x0000000719000000, 0x0000000719000000| Untracked 
| 115|0x0000000719200000, 0x0000000719200000, 0x0000000719400000|  0%| F|  |TAMS 0x0000000719200000, 0x0000000719200000| Untracked 
| 116|0x0000000719400000, 0x0000000719400000, 0x0000000719600000|  0%| F|  |TAMS 0x0000000719400000, 0x0000000719400000| Untracked 
| 117|0x0000000719600000, 0x0000000719660d10, 0x0000000719800000| 18%| E|  |TAMS 0x0000000719600000, 0x0000000719600000| Complete 
| 118|0x0000000719800000, 0x0000000719a00000, 0x0000000719a00000|100%| E|CS|TAMS 0x0000000719800000, 0x0000000719800000| Complete 
| 119|0x0000000719a00000, 0x0000000719c00000, 0x0000000719c00000|100%| E|CS|TAMS 0x0000000719a00000, 0x0000000719a00000| Complete 
| 120|0x0000000719c00000, 0x0000000719e00000, 0x0000000719e00000|100%| E|CS|TAMS 0x0000000719c00000, 0x0000000719c00000| Complete 
| 121|0x0000000719e00000, 0x000000071a000000, 0x000000071a000000|100%| E|CS|TAMS 0x0000000719e00000, 0x0000000719e00000| Complete 
| 122|0x000000071a000000, 0x000000071a200000, 0x000000071a200000|100%| E|CS|TAMS 0x000000071a000000, 0x000000071a000000| Complete 

Card table byte_map: [0x0000018fa6b40000,0x0000018fa72f0000] _byte_map_base: 0x0000018fa32ea000

Marking Bits (Prev, Next): (CMBitMap*) 0x0000018f8f2bcef0, (CMBitMap*) 0x0000018f8f2bcf30
 Prev Bits: [0x0000018fa7aa0000, 0x0000018fab7f0000)
 Next Bits: [0x0000018fab7f0000, 0x0000018faf540000)

Polling page: 0x0000018f8d200000

Metaspace:

Usage:
  Non-class:     10.97 MB used.
      Class:      1.55 MB used.
       Both:     12.52 MB used.

Virtual space:
  Non-class space:       64.00 MB reserved,      11.12 MB ( 17%) committed,  1 nodes.
      Class space:        1.00 GB reserved,       1.69 MB ( <1%) committed,  1 nodes.
             Both:        1.06 GB reserved,      12.81 MB (  1%) committed. 

Chunk freelists:
   Non-Class:  4.44 MB
       Class:  14.25 MB
        Both:  18.69 MB

MaxMetaspaceSize: unlimited
CompressedClassSpaceSize: 1.00 GB
Initial GC threshold: 21.00 MB
Current GC threshold: 21.00 MB
CDS: on
MetaspaceReclaimPolicy: balanced
 - commit_granule_bytes: 65536.
 - commit_granule_words: 8192.
 - virtual_space_node_default_size: 8388608.
 - enlarge_chunks_in_place: 1.
 - new_chunks_are_fully_committed: 0.
 - uncommit_free_chunks: 1.
 - use_allocation_guard: 0.
 - handle_deallocations: 1.


Internal statistics:

num_allocs_failed_limit: 0.
num_arena_births: 378.
num_arena_deaths: 0.
num_vsnodes_births: 2.
num_vsnodes_deaths: 0.
num_space_committed: 205.
num_space_uncommitted: 0.
num_chunks_returned_to_freelist: 0.
num_chunks_taken_from_freelist: 802.
num_chunk_merges: 0.
num_chunk_splits: 523.
num_chunks_enlarged: 370.
num_inconsistent_stats: 0.

CodeHeap 'non-profiled nmethods': size=119168Kb used=724Kb max_used=724Kb free=118444Kb
 bounds [0x0000018f9e6a0000, 0x0000018f9e910000, 0x0000018fa5b00000]
CodeHeap 'profiled nmethods': size=119104Kb used=4216Kb max_used=4216Kb free=114887Kb
 bounds [0x0000018f96b00000, 0x0000018f96f20000, 0x0000018f9df50000]
CodeHeap 'non-nmethods': size=7488Kb used=2869Kb max_used=2884Kb free=4618Kb
 bounds [0x0000018f9df50000, 0x0000018f9e230000, 0x0000018f9e6a0000]
 total_blobs=2619 nmethods=2148 adapters=380
 compilation: enabled
              stopped_count=0, restarted_count=0
 full_count=0

Compilation events (20 events):
Event: 3.577 Thread 0x0000018ff8bec760 nmethod 2056 0x0000018f9e74cd10 code [0x0000018f9e74ce80, 0x0000018f9e74ced8]
Event: 3.577 Thread 0x0000018ff8bec760 1992       4       java.util.stream.AbstractPipeline::isParallel (8 bytes)
Event: 3.577 Thread 0x0000018ff8bec760 nmethod 1992 0x0000018f9e74d010 code [0x0000018f9e74d180, 0x0000018f9e74d218]
Event: 3.578 Thread 0x0000018fb2558fb0 2059       3       java.lang.invoke.MethodHandles$Lookup::maybeBindCaller (72 bytes)
Event: 3.579 Thread 0x0000018fb2558fb0 nmethod 2059 0x0000018f96edc610 code [0x0000018f96edc840, 0x0000018f96edd128]
Event: 3.597 Thread 0x0000018ff8bec760 2060       4       java.lang.ClassLoader::checkName (37 bytes)
Event: 3.600 Thread 0x0000018ff8bec760 nmethod 2060 0x0000018f9e74d310 code [0x0000018f9e74d4a0, 0x0000018f9e74d658]
Event: 3.607 Thread 0x0000018fb2671330 2061       3       java.lang.reflect.AccessibleObject::checkCanSetAccessible (368 bytes)
Event: 3.612 Thread 0x0000018fb2671330 nmethod 2061 0x0000018f96edd490 code [0x0000018f96eddbc0, 0x0000018f96ee1648]
Event: 3.617 Thread 0x0000018fb2671330 2062       3       java.lang.Character::isJavaIdentifierPart (5 bytes)
Event: 3.617 Thread 0x0000018fb2671330 nmethod 2062 0x0000018f96ee2990 code [0x0000018f96ee2b40, 0x0000018f96ee2d98]
Event: 3.621 Thread 0x0000018fb2558fb0 2063       3       java.lang.invoke.LambdaFormBuffer::growNames (281 bytes)
Event: 3.622 Thread 0x0000018fb2671330 2064       3       java.util.Arrays::copyOfRange (90 bytes)
Event: 3.623 Thread 0x0000018fb2558fb0 nmethod 2063 0x0000018f96ee2e90 code [0x0000018f96ee3140, 0x0000018f96ee4278]
Event: 3.623 Thread 0x0000018fb2671330 nmethod 2064 0x0000018f96ee4790 code [0x0000018f96ee4a40, 0x0000018f96ee5758]
Event: 3.630 Thread 0x0000018fb254fc90 nmethod 2015 0x0000018f9e74da90 code [0x0000018f9e74dcc0, 0x0000018f9e74f260]
Event: 3.637 Thread 0x0000018fb254fc90 2066   !   4       java.net.URL::<init> (543 bytes)
Event: 3.641 Thread 0x0000018ff8bec760 2067 % !   4       java.util.concurrent.ConcurrentHashMap::transfer @ 96 (849 bytes)
Event: 3.643 Thread 0x0000018fb2558fb0 2068   !   3       java.util.concurrent.ConcurrentHashMap::putVal (432 bytes)
Event: 3.648 Thread 0x0000018fb2558fb0 nmethod 2068 0x0000018f96ee5b90 code [0x0000018f96ee5f00, 0x0000018f96ee7b08]

GC Heap History (4 events):
Event: 1.322 GC heap before
{Heap before GC invocations=0 (full 0):
 garbage-first heap   total 251904K, used 20480K [0x000000070ac00000, 0x0000000800000000)
  region size 2048K, 11 young (22528K), 0 survivors (0K)
 Metaspace       used 5377K, committed 5568K, reserved 1114112K
  class space    used 620K, committed 704K, reserved 1048576K
}
Event: 1.328 GC heap after
{Heap after GC invocations=1 (full 0):
 garbage-first heap   total 251904K, used 7140K [0x000000070ac00000, 0x0000000800000000)
  region size 2048K, 2 young (4096K), 2 survivors (4096K)
 Metaspace       used 5377K, committed 5568K, reserved 1114112K
  class space    used 620K, committed 704K, reserved 1048576K
}
Event: 3.478 GC heap before
{Heap before GC invocations=1 (full 0):
 garbage-first heap   total 251904K, used 31716K [0x000000070ac00000, 0x0000000800000000)
  region size 2048K, 14 young (28672K), 2 survivors (4096K)
 Metaspace       used 10456K, committed 10880K, reserved 1114112K
  class space    used 1332K, committed 1536K, reserved 1048576K
}
Event: 3.487 GC heap after
{Heap after GC invocations=2 (full 0):
 garbage-first heap   total 251904K, used 9492K [0x000000070ac00000, 0x0000000800000000)
  region size 2048K, 2 young (4096K), 2 survivors (4096K)
 Metaspace       used 10456K, committed 10880K, reserved 1114112K
  class space    used 1332K, committed 1536K, reserved 1048576K
}

Deoptimization events (20 events):
Event: 2.039 Thread 0x0000018ff8a24ea0 Uncommon trap: trap_request=0xffffff6e fr.pc=0x0000018f9e6ec26c relative=0x00000000000003cc
Event: 2.039 Thread 0x0000018ff8a24ea0 Uncommon trap: reason=loop_limit_check action=maybe_recompile pc=0x0000018f9e6ec26c method=java.lang.StringLatin1.indexOf([BI[BII)I @ 37 c2
Event: 2.039 Thread 0x0000018ff8a24ea0 DEOPT PACKING pc=0x0000018f9e6ec26c sp=0x0000008661bfd940
Event: 2.039 Thread 0x0000018ff8a24ea0 DEOPT UNPACKING pc=0x0000018f9dfa23a3 sp=0x0000008661bfd8a0 mode 2
Event: 2.042 Thread 0x0000018ff8a24ea0 Uncommon trap: trap_request=0xffffffde fr.pc=0x0000018f9e71bb98 relative=0x0000000000001478
Event: 2.042 Thread 0x0000018ff8a24ea0 Uncommon trap: reason=class_check action=maybe_recompile pc=0x0000018f9e71bb98 method=java.util.HashMap.putVal(ILjava/lang/Object;Ljava/lang/Object;ZZ)Ljava/lang/Object; @ 91 c2
Event: 2.042 Thread 0x0000018ff8a24ea0 DEOPT PACKING pc=0x0000018f9e71bb98 sp=0x0000008661bfdbf0
Event: 2.042 Thread 0x0000018ff8a24ea0 DEOPT UNPACKING pc=0x0000018f9dfa23a3 sp=0x0000008661bfdb30 mode 2
Event: 2.043 Thread 0x0000018ff8a24ea0 Uncommon trap: trap_request=0xffffffde fr.pc=0x0000018f9e71bb98 relative=0x0000000000001478
Event: 2.043 Thread 0x0000018ff8a24ea0 Uncommon trap: reason=class_check action=maybe_recompile pc=0x0000018f9e71bb98 method=java.util.HashMap.putVal(ILjava/lang/Object;Ljava/lang/Object;ZZ)Ljava/lang/Object; @ 91 c2
Event: 2.043 Thread 0x0000018ff8a24ea0 DEOPT PACKING pc=0x0000018f9e71bb98 sp=0x0000008661bfdbf0
Event: 2.043 Thread 0x0000018ff8a24ea0 DEOPT UNPACKING pc=0x0000018f9dfa23a3 sp=0x0000008661bfdb30 mode 2
Event: 3.641 Thread 0x0000018ff8a24ea0 Uncommon trap: trap_request=0xffffff45 fr.pc=0x0000018f9e70d7d0 relative=0x0000000000001130
Event: 3.641 Thread 0x0000018ff8a24ea0 Uncommon trap: reason=unstable_if action=reinterpret pc=0x0000018f9e70d7d0 method=java.util.concurrent.ConcurrentHashMap.addCount(JI)V @ 171 c2
Event: 3.641 Thread 0x0000018ff8a24ea0 DEOPT PACKING pc=0x0000018f9e70d7d0 sp=0x0000008661bfa6a0
Event: 3.641 Thread 0x0000018ff8a24ea0 DEOPT UNPACKING pc=0x0000018f9dfa23a3 sp=0x0000008661bfa560 mode 2
Event: 3.641 Thread 0x0000018ff898d5d0 Uncommon trap: trap_request=0xffffff45 fr.pc=0x0000018f9e70d7d0 relative=0x0000000000001130
Event: 3.641 Thread 0x0000018ff898d5d0 Uncommon trap: reason=unstable_if action=reinterpret pc=0x0000018f9e70d7d0 method=java.util.concurrent.ConcurrentHashMap.addCount(JI)V @ 171 c2
Event: 3.641 Thread 0x0000018ff898d5d0 DEOPT PACKING pc=0x0000018f9e70d7d0 sp=0x00000086610f7510
Event: 3.641 Thread 0x0000018ff898d5d0 DEOPT UNPACKING pc=0x0000018f9dfa23a3 sp=0x00000086610f73d0 mode 2

Classes unloaded (0 events):
No events

Classes redefined (0 events):
No events

Internal exceptions (20 events):
Event: 2.103 Thread 0x0000018ff8a24ea0 Exception <a 'java/lang/NoSuchMethodError'{0x000000071916b3a0}: 'int java.lang.invoke.DirectMethodHandle$Holder.invokeStaticInit(java.lang.Object, double, double)'> (0x000000071916b3a0) 
thrown [s\open\src\hotspot\share\interpreter\linkResolver.cpp, line 759]
Event: 2.104 Thread 0x0000018ff8a24ea0 Exception <a 'java/lang/NoSuchMethodError'{0x000000071916fc18}: 'int java.lang.invoke.DirectMethodHandle$Holder.invokeStatic(java.lang.Object, long)'> (0x000000071916fc18) 
thrown [s\open\src\hotspot\share\interpreter\linkResolver.cpp, line 759]
Event: 2.110 Thread 0x0000018ff8a24ea0 Exception <a 'java/lang/NoSuchMethodError'{0x00000007191946b0}: 'int java.lang.invoke.Invokers$Holder.linkToTargetMethod(java.lang.Object, java.lang.Object)'> (0x00000007191946b0) 
thrown [s\open\src\hotspot\share\interpreter\linkResolver.cpp, line 759]
Event: 2.136 Thread 0x0000018ff8a24ea0 Exception <a 'java/lang/NoSuchMethodError'{0x0000000718e163d0}: 'java.lang.Object java.lang.invoke.DirectMethodHandle$Holder.invokeSpecial(java.lang.Object, java.lang.Object, java.lang.Object, int, java.lang.Object)'> (0x0000000718e163d0) 
thrown [s\open\src\hotspot\share\interpreter\linkResolver.cpp, line 759]
Event: 2.137 Thread 0x0000018ff8a24ea0 Exception <a 'java/lang/NoSuchMethodError'{0x0000000718e1e938}: 'java.lang.Object java.lang.invoke.DirectMethodHandle$Holder.newInvokeSpecial(java.lang.Object, java.lang.Object, java.lang.Object, int, java.lang.Object)'> (0x0000000718e1e938) 
thrown [s\open\src\hotspot\share\interpreter\linkResolver.cpp, line 759]
Event: 2.137 Thread 0x0000018ff8a24ea0 Exception <a 'java/lang/NoSuchMethodError'{0x0000000718e22de0}: 'java.lang.Object java.lang.invoke.DirectMethodHandle$Holder.invokeSpecial(java.lang.Object, java.lang.Object, java.lang.Object, java.lang.Object, int, java.lang.Object)'> (0x0000000718e22de0) 
thrown [s\open\src\hotspot\share\interpreter\linkResolver.cpp, line 759]
Event: 2.137 Thread 0x0000018ff8a24ea0 Exception <a 'java/lang/NoSuchMethodError'{0x0000000718e268c8}: 'java.lang.Object java.lang.invoke.Invokers$Holder.linkToTargetMethod(java.lang.Object, java.lang.Object, int, java.lang.Object, java.lang.Object)'> (0x0000000718e268c8) 
thrown [s\open\src\hotspot\share\interpreter\linkResolver.cpp, line 759]
Event: 2.139 Thread 0x0000018ff8a24ea0 Exception <a 'java/lang/NoSuchMethodError'{0x0000000718e367a8}: 'java.lang.Object java.lang.invoke.DirectMethodHandle$Holder.newInvokeSpecial(java.lang.Object, int, java.lang.Object)'> (0x0000000718e367a8) 
thrown [s\open\src\hotspot\share\interpreter\linkResolver.cpp, line 759]
Event: 2.140 Thread 0x0000018ff8a24ea0 Exception <a 'java/lang/NoSuchMethodError'{0x0000000718e3b148}: 'int java.lang.invoke.DirectMethodHandle$Holder.invokeSpecialIFC(java.lang.Object, java.lang.Object, java.lang.Object, java.lang.Object)'> (0x0000000718e3b148) 
thrown [s\open\src\hotspot\share\interpreter\linkResolver.cpp, line 759]
Event: 2.175 Thread 0x0000018ff8a24ea0 Exception <a 'java/lang/NoSuchMethodError'{0x0000000718ee2808}: 'void java.lang.invoke.DirectMethodHandle$Holder.invokeInterface(java.lang.Object, java.lang.Object, java.lang.Object)'> (0x0000000718ee2808) 
thrown [s\open\src\hotspot\share\interpreter\linkResolver.cpp, line 759]
Event: 2.222 Thread 0x0000018ff8a24ea0 Exception <a 'java/lang/NoSuchMethodError'{0x0000000718f83b60}: 'void java.lang.invoke.DirectMethodHandle$Holder.invokeStaticInit(java.lang.Object, java.lang.Object, java.lang.Object)'> (0x0000000718f83b60) 
thrown [s\open\src\hotspot\share\interpreter\linkResolver.cpp, line 759]
Event: 2.233 Thread 0x0000018ff8a24ea0 Exception <a 'java/lang/NoSuchMethodError'{0x0000000718fd1858}: 'java.lang.Object java.lang.invoke.DirectMethodHandle$Holder.invokeVirtual(java.lang.Object, java.lang.Object, java.lang.Object)'> (0x0000000718fd1858) 
thrown [s\open\src\hotspot\share\interpreter\linkResolver.cpp, line 759]
Event: 2.270 Thread 0x0000018ff8a24ea0 Exception <a 'java/lang/NoSuchMethodError'{0x0000000718c75600}: 'java.lang.Object java.lang.invoke.DirectMethodHandle$Holder.newInvokeSpecial(java.lang.Object, long)'> (0x0000000718c75600) 
thrown [s\open\src\hotspot\share\interpreter\linkResolver.cpp, line 759]
Event: 2.271 Thread 0x0000018ff8a24ea0 Exception <a 'java/lang/NoSuchMethodError'{0x0000000718c7ce98}: 'void java.lang.invoke.DirectMethodHandle$Holder.invokeVirtual(java.lang.Object, java.lang.Object, java.lang.Object, java.lang.Object)'> (0x0000000718c7ce98) 
thrown [s\open\src\hotspot\share\interpreter\linkResolver.cpp, line 759]
Event: 2.309 Thread 0x0000018ff8a24ea0 Exception <a 'java/lang/NoSuchMethodError'{0x0000000718d38690}: 'java.lang.Object java.lang.invoke.DirectMethodHandle$Holder.invokeSpecial(java.lang.Object, java.lang.Object, long, java.lang.Object, java.lang.Object, java.lang.Object, java.lang.Object, java.lang.Object, java.lang.Object)'> (0x0000000718d38690) 
thrown [s\open\src\hotspot\share\interpreter\linkResolver.cpp, line 759]
Event: 2.310 Thread 0x0000018ff8a24ea0 Exception <a 'java/lang/NoSuchMethodError'{0x0000000718d3cf10}: 'java.lang.Object java.lang.invoke.DelegatingMethodHandle$Holder.reinvoke_L(java.lang.Object, long, java.lang.Object, java.lang.Object, java.lang.Object, java.lang.Object, java.lang.Object, java.lang.Object)'> (0x0000000718d3cf10) 
thrown [s\open\src\hotspot\share\interpreter\linkResolver.cpp, line 759]
Event: 2.312 Thread 0x0000018ff8a24ea0 Exception <a 'java/lang/NoSuchMethodError'{0x0000000718d49b58}: 'java.lang.Object java.lang.invoke.Invokers$Holder.linkToTargetMethod(java.lang.Object, java.lang.Object, java.lang.Object, java.lang.Object, java.lang.Object, java.lang.Object, java.lang.Object)'> (0x0000000718d49b58) 
thrown [s\open\src\hotspot\share\interpreter\linkResolver.cpp, line 759]
Event: 3.467 Thread 0x0000018ff8a24ea0 Exception <a 'java/lang/NoSuchMethodError'{0x0000000718776588}: 'java.lang.Object java.lang.invoke.DirectMethodHandle$Holder.invokeSpecial(java.lang.Object, java.lang.Object, java.lang.Object, java.lang.Object, java.lang.Object, java.lang.Object, java.lang.Object, java.lang.Object, java.lang.Object)'> (0x0000000718776588) 
thrown [s\open\src\hotspot\share\interpreter\linkResolver.cpp, line 759]
Event: 3.468 Thread 0x0000018ff8a24ea0 Exception <a 'java/lang/NoSuchMethodError'{0x000000071877aeb0}: 'java.lang.Object java.lang.invoke.Invokers$Holder.invoke_MT(java.lang.Object, java.lang.Object, java.lang.Object, java.lang.Object, java.lang.Object, java.lang.Object, java.lang.Object, java.lang.Object, java.lang.Object)'> (0x000000071877aeb0) 
thrown [s\open\src\hotspot\share\interpreter\linkResolver.cpp, line 759]
Event: 3.516 Thread 0x0000018ff8a24ea0 Exception <a 'java/lang/IncompatibleClassChangeError'{0x000000071a06a910}: Found class java.lang.Object, but interface was expected> (0x000000071a06a910) 
thrown [s\open\src\hotspot\share\interpreter\linkResolver.cpp, line 826]

VM Operations (20 events):
Event: 0.766 Executing VM operation: HandshakeAllThreads
Event: 0.766 Executing VM operation: HandshakeAllThreads done
Event: 1.322 Executing VM operation: G1CollectForAllocation
Event: 1.329 Executing VM operation: G1CollectForAllocation done
Event: 2.087 Executing VM operation: HandshakeAllThreads
Event: 2.087 Executing VM operation: HandshakeAllThreads done
Event: 2.165 Executing VM operation: ICBufferFull
Event: 2.166 Executing VM operation: ICBufferFull done
Event: 3.167 Executing VM operation: Cleanup
Event: 3.167 Executing VM operation: Cleanup done
Event: 3.431 Executing VM operation: HandshakeAllThreads
Event: 3.431 Executing VM operation: HandshakeAllThreads done
Event: 3.437 Executing VM operation: HandshakeAllThreads
Event: 3.437 Executing VM operation: HandshakeAllThreads done
Event: 3.437 Executing VM operation: HandshakeAllThreads
Event: 3.437 Executing VM operation: HandshakeAllThreads done
Event: 3.478 Executing VM operation: G1CollectForAllocation
Event: 3.488 Executing VM operation: G1CollectForAllocation done
Event: 4.491 Executing VM operation: Cleanup
Event: 4.491 Executing VM operation: Cleanup done

Events (20 events):
Event: 3.569 loading class java/util/zip/ZipException
Event: 3.569 loading class java/util/zip/ZipException done
Event: 3.570 loading class sun/nio/fs/ExtendedFileSystemProvider
Event: 3.571 loading class sun/nio/fs/ExtendedFileSystemProvider done
Event: 3.632 loading class java/io/NotSerializableException
Event: 3.632 loading class java/io/NotSerializableException done
Event: 3.634 loading class java/util/concurrent/CompletionException
Event: 3.634 loading class java/util/concurrent/CompletionException done
Event: 3.647 loading class java/lang/reflect/MalformedParametersException
Event: 3.647 loading class java/lang/reflect/MalformedParametersException done
Event: 3.660 loading class java/beans/Transient
Event: 3.660 loading class java/beans/Transient done
Event: 3.660 loading class java/beans/ConstructorProperties
Event: 3.660 loading class java/beans/ConstructorProperties done
Event: 3.672 loading class java/util/concurrent/atomic/AtomicLongArray
Event: 3.673 loading class java/util/concurrent/atomic/AtomicLongArray done
Event: 3.673 loading class java/lang/invoke/VarHandleLongs$Array
Event: 3.673 loading class java/lang/invoke/VarHandleLongs$Array done
Event: 3.673 loading class java/util/concurrent/atomic/AtomicReferenceArray
Event: 3.673 loading class java/util/concurrent/atomic/AtomicReferenceArray done


Dynamic libraries:
0x00007ff7a87f0000 - 0x00007ff7a8800000 	C:\Program Files\Java\jdk-17\bin\java.exe
0x00007ffe8d520000 - 0x00007ffe8d786000 	C:\WINDOWS\SYSTEM32\ntdll.dll
0x00007ffe8b380000 - 0x00007ffe8b449000 	C:\WINDOWS\System32\KERNEL32.DLL
0x00007ffe8a8b0000 - 0x00007ffe8acb0000 	C:\WINDOWS\System32\KERNELBASE.dll
0x00007ffe8af70000 - 0x00007ffe8b0bc000 	C:\WINDOWS\System32\ucrtbase.dll
0x00007ffe80230000 - 0x00007ffe8024b000 	C:\Program Files\Java\jdk-17\bin\VCRUNTIME140.dll
0x00007ffe844a0000 - 0x00007ffe844b9000 	C:\Program Files\Java\jdk-17\bin\jli.dll
0x00007ffe8b450000 - 0x00007ffe8b507000 	C:\WINDOWS\System32\ADVAPI32.dll
0x00007ffe8c880000 - 0x00007ffe8c929000 	C:\WINDOWS\System32\msvcrt.dll
0x00007ffe8d2b0000 - 0x00007ffe8d35a000 	C:\WINDOWS\System32\sechost.dll
0x00007ffe8c1c0000 - 0x00007ffe8c2d8000 	C:\WINDOWS\System32\RPCRT4.dll
0x00007ffe8cb90000 - 0x00007ffe8cd57000 	C:\WINDOWS\System32\USER32.dll
0x00007ffe8a740000 - 0x00007ffe8a767000 	C:\WINDOWS\System32\win32u.dll
0x00007ffe6bfd0000 - 0x00007ffe6c262000 	C:\WINDOWS\WinSxS\amd64_microsoft.windows.common-controls_6595b64144ccf1df_6.0.26100.8737_none_3e092eaee333b772\COMCTL32.dll
0x00007ffe8c2e0000 - 0x00007ffe8c30b000 	C:\WINDOWS\System32\GDI32.dll
0x00007ffe8ae40000 - 0x00007ffe8af69000 	C:\WINDOWS\System32\gdi32full.dll
0x00007ffe8a800000 - 0x00007ffe8a8a3000 	C:\WINDOWS\System32\msvcp_win.dll
0x00007ffe82c90000 - 0x00007ffe82c9b000 	C:\WINDOWS\SYSTEM32\VERSION.dll
0x00007ffe8cd60000 - 0x00007ffe8cd92000 	C:\WINDOWS\System32\IMM32.DLL
0x00007ffe80220000 - 0x00007ffe8022c000 	C:\Program Files\Java\jdk-17\bin\vcruntime140_1.dll
0x00007ffe528a0000 - 0x00007ffe5292e000 	C:\Program Files\Java\jdk-17\bin\msvcp140.dll
0x00007ffdf4290000 - 0x00007ffdf4e70000 	C:\Program Files\Java\jdk-17\bin\server\jvm.dll
0x00007ffe8d0a0000 - 0x00007ffe8d0a8000 	C:\WINDOWS\System32\PSAPI.DLL
0x00007ffe82f40000 - 0x00007ffe82f76000 	C:\WINDOWS\SYSTEM32\WINMM.dll
0x00007ffe84730000 - 0x00007ffe8473a000 	C:\WINDOWS\SYSTEM32\WSOCK32.dll
0x00007ffe8d010000 - 0x00007ffe8d090000 	C:\WINDOWS\System32\WS2_32.dll
0x00007ffe89420000 - 0x00007ffe8943b000 	C:\WINDOWS\SYSTEM32\kernel.appcore.dll
0x00007ffe67f20000 - 0x00007ffe67f2a000 	C:\Program Files\Java\jdk-17\bin\jimage.dll
0x00007ffe7c790000 - 0x00007ffe7c9d2000 	C:\WINDOWS\SYSTEM32\DBGHELP.DLL
0x00007ffe8c310000 - 0x00007ffe8c693000 	C:\WINDOWS\System32\combase.dll
0x00007ffe8c950000 - 0x00007ffe8ca29000 	C:\WINDOWS\System32\OLEAUT32.dll
0x00007ffe60f30000 - 0x00007ffe60f6b000 	C:\WINDOWS\SYSTEM32\dbgcore.DLL
0x00007ffe8acc0000 - 0x00007ffe8ad6c000 	C:\WINDOWS\System32\bcryptPrimitives.dll
0x00007ffe67f10000 - 0x00007ffe67f1e000 	C:\Program Files\Java\jdk-17\bin\instrument.dll
0x00007ffe549f0000 - 0x00007ffe54a15000 	C:\Program Files\Java\jdk-17\bin\java.dll
0x00007ffe527c0000 - 0x00007ffe52897000 	C:\Program Files\Java\jdk-17\bin\jsvml.dll
0x00007ffe8b9a0000 - 0x00007ffe8c132000 	C:\WINDOWS\System32\SHELL32.dll
0x00007ffe881e0000 - 0x00007ffe88a72000 	C:\WINDOWS\SYSTEM32\windows.storage.dll
0x00007ffe8b280000 - 0x00007ffe8b377000 	C:\WINDOWS\System32\SHCORE.dll
0x00007ffe8c150000 - 0x00007ffe8c1b7000 	C:\WINDOWS\System32\shlwapi.dll
0x00007ffe8a660000 - 0x00007ffe8a689000 	C:\WINDOWS\SYSTEM32\profapi.dll
0x00007ffe548b0000 - 0x00007ffe548c8000 	C:\Program Files\Java\jdk-17\bin\zip.dll
0x00007ffe549a0000 - 0x00007ffe549b9000 	C:\Program Files\Java\jdk-17\bin\net.dll
0x00007ffe832b0000 - 0x00007ffe833d9000 	C:\WINDOWS\SYSTEM32\WINHTTP.dll
0x00007ffe899d0000 - 0x00007ffe89a3c000 	C:\WINDOWS\system32\mswsock.dll
0x00007ffe54900000 - 0x00007ffe54916000 	C:\Program Files\Java\jdk-17\bin\nio.dll
0x00007ffe54830000 - 0x00007ffe5484a000 	C:\Program Files\JetBrains\IntelliJ IDEA Community Edition 2023.3.4\bin\breakgen64.dll
0x00007ffe54990000 - 0x00007ffe5499a000 	C:\Program Files\Java\jdk-17\bin\management.dll
0x00007ffe548f0000 - 0x00007ffe548fb000 	C:\Program Files\Java\jdk-17\bin\management_ext.dll

dbghelp: loaded successfully - version: 4.0.5 - missing functions: none
symbol engine: initialized successfully - sym options: 0x614 - pdb path: .;C:\Program Files\Java\jdk-17\bin;C:\WINDOWS\SYSTEM32;C:\WINDOWS\WinSxS\amd64_microsoft.windows.common-controls_6595b64144ccf1df_6.0.26100.8737_none_3e092eaee333b772;C:\Program Files\Java\jdk-17\bin\server;C:\Program Files\JetBrains\IntelliJ IDEA Community Edition 2023.3.4\bin

VM Arguments:
jvm_args: -javaagent:C:\Program Files\JetBrains\IntelliJ IDEA Community Edition 2023.3.4\lib\idea_rt.jar=59726:C:\Program Files\JetBrains\IntelliJ IDEA Community Edition 2023.3.4\bin -Dfile.encoding=UTF-8 
java_command: com.ProjectManagementApp.ProjectManagementAppApplication
java_class_path (initial): C:\Users\Admin\Desktop\ProjectManagementApp\backend\target\classes;C:\Users\Admin\.m2\repository\org\springframework\boot\spring-boot-starter-data-jpa\4.1.0\spring-boot-starter-data-jpa-4.1.0.jar;C:\Users\Admin\.m2\repository\org\springframework\boot\spring-boot-starter\4.1.0\spring-boot-starter-4.1.0.jar;C:\Users\Admin\.m2\repository\org\springframework\boot\spring-boot-starter-logging\4.1.0\spring-boot-starter-logging-4.1.0.jar;C:\Users\Admin\.m2\repository\ch\qos\logback\logback-classic\1.5.34\logback-classic-1.5.34.jar;C:\Users\Admin\.m2\repository\ch\qos\logback\logback-core\1.5.34\logback-core-1.5.34.jar;C:\Users\Admin\.m2\repository\org\apache\logging\log4j\log4j-to-slf4j\2.25.4\log4j-to-slf4j-2.25.4.jar;C:\Users\Admin\.m2\repository\org\apache\logging\log4j\log4j-api\2.25.4\log4j-api-2.25.4.jar;C:\Users\Admin\.m2\repository\org\slf4j\jul-to-slf4j\2.0.18\jul-to-slf4j-2.0.18.jar;C:\Users\Admin\.m2\repository\jakarta\annotation\jakarta.annotation-api\3.0.0\jakarta.annotation-api-3.0.0.jar;C:\Users\Admin\.m2\repository\org\yaml\snakeyaml\2.6\snakeyaml-2.6.jar;C:\Users\Admin\.m2\repository\org\springframework\boot\spring-boot-starter-jdbc\4.1.0\spring-boot-starter-jdbc-4.1.0.jar;C:\Users\Admin\.m2\repository\com\zaxxer\HikariCP\7.0.2\HikariCP-7.0.2.jar;C:\Users\Admin\.m2\repository\org\slf4j\slf4j-api\2.0.18\slf4j-api-2.0.18.jar;C:\Users\Admin\.m2\repository\org\springframework\boot\spring-boot-data-jpa\4.1.0\spring-boot-data-jpa-4.1.0.jar;C:\Users\Admin\.m2\repository\org\springframework\boot\spring-boot-data-commons\4.1.0\spring-boot-data-commons-4.1.0.jar;C:\Users\Admin\.m2\repository\org\springframework\boot\spring-boot-persistence\4.1.0\spring-boot-persistence-4.1.0.jar;C:\Users\Admin\.m2\repository\org\springframework\data\spring-data-commons\4.1.0\spring-data-commons-4.1.0.jar;C:\Users\Admin\.m2\repository\org\springframework\boot\spring-boot-hibernate\4.1.0\spring-boot-hibernate-4.1.0.jar;C:\Users\Admin\.m2\repository\org\spri
Launcher Type: SUN_STANDARD

[Global flags]
     intx CICompilerCount                          = 12                                        {product} {ergonomic}
     uint ConcGCThreads                            = 3                                         {product} {ergonomic}
     uint G1ConcRefinementThreads                  = 13                                        {product} {ergonomic}
   size_t G1HeapRegionSize                         = 2097152                                   {product} {ergonomic}
    uintx GCDrainStackTargetSize                   = 64                                        {product} {ergonomic}
   size_t InitialHeapSize                          = 257949696                                 {product} {ergonomic}
   size_t MarkStackSize                            = 4194304                                   {product} {ergonomic}
   size_t MaxHeapSize                              = 4114612224                                {product} {ergonomic}
   size_t MaxNewSize                               = 2468347904                                {product} {ergonomic}
   size_t MinHeapDeltaBytes                        = 2097152                                   {product} {ergonomic}
   size_t MinHeapSize                              = 8388608                                   {product} {ergonomic}
    uintx NonNMethodCodeHeapSize                   = 7602480                                {pd product} {ergonomic}
    uintx NonProfiledCodeHeapSize                  = 122027880                              {pd product} {ergonomic}
    uintx ProfiledCodeHeapSize                     = 122027880                              {pd product} {ergonomic}
    uintx ReservedCodeCacheSize                    = 251658240                              {pd product} {ergonomic}
     bool SegmentedCodeCache                       = true                                      {product} {ergonomic}
   size_t SoftMaxHeapSize                          = 4114612224                             {manageable} {ergonomic}
     bool UseCompressedClassPointers               = true                           {product lp64_product} {ergonomic}
     bool UseCompressedOops                        = true                           {product lp64_product} {ergonomic}
     bool UseG1GC                                  = true                                      {product} {ergonomic}
     bool UseLargePagesIndividualAllocation        = false                                  {pd product} {ergonomic}

Logging:
Log output configuration:
 #0: stdout all=warning uptime,level,tags
 #1: stderr all=off uptime,level,tags

Environment Variables:
JAVA_HOME=C:\Program Files\Java\jdk-17
PATH=C:\Program Files\Common Files\Oracle\Java\javapath;C:\Program Files (x86)\Common Files\Oracle\Java\javapath;C:\WINDOWS\system32;C:\WINDOWS;C:\WINDOWS\System32\Wbem;C:\WINDOWS\System32\WindowsPowerShell\v1.0\;C:\WINDOWS\System32\OpenSSH\;C:\Program Files\Java\jdk-17\bin;C:\Program Files\Git\cmd;C:\Users\Admin\Downloads\apache-maven-3.9.9-bin\apache-maven-3.9.9\bin;C:\Users\Admin\Desktop\apache ant\apache-ant-1.10.15\bin;C:\Program Files\PMD\pmd-bin-7.7.0\bin;C:\Program Files\nodejs\;C:\Users\Admin\AppData\Local\Programs\Python\Python312\Scripts\;C:\Users\Admin\AppData\Local\Programs\Python\Python312\;C:\Users\Admin\AppData\Local\Microsoft\WindowsApps;C:\Users\Admin\AppData\Local\Programs\Microsoft VS Code\bin;C:\Users\Admin\AppData\Local\GitHubDesktop\bin;C:\Users\Admin\AppData\Roaming\npm
USERNAME=Admin
OS=Windows_NT
PROCESSOR_IDENTIFIER=AMD64 Family 23 Model 104 Stepping 1, AuthenticAMD



---------------  S Y S T E M  ---------------

OS:
 Windows 11 , 64 bit Build 26100 (10.0.26100.8737)
OS uptime: 2 days 18:38 hours
Hyper-V role detected

CPU: total 16 (initial active 16) (16 cores per cpu, 2 threads per core) family 23 model 104 stepping 1 microcode 0x8608109, cx8, cmov, fxsr, ht, mmx, 3dnowpref, sse, sse2, sse3, ssse3, sse4a, sse4.1, sse4.2, popcnt, lzcnt, tsc, tscinvbit, avx, avx2, aes, clmul, bmi1, bmi2, adx, sha, fma, vzeroupper, clflush, clflushopt, hv

Memory: 4k page, system-wide physical 15693M (1084M free)
TotalPageFile size 23885M (AvailPageFile size 10M)
current process WorkingSet (physical memory assigned to process): 127M, peak: 127M
current process commit charge ("private bytes"): 395M, peak: 395M

vm_info: Java HotSpot(TM) 64-Bit Server VM (17.0.11+7-LTS-207) for windows-amd64 JRE (17.0.11+7-LTS-207), built on Mar 11 2024 19:01:50 by "mach5one" with MS VC++ 17.6 (VS2022)

END.
