#
# There is insufficient memory for the Java Runtime Environment to continue.
# Native memory allocation (malloc) failed to allocate 196432 bytes. Error detail: Chunk::new
# Possible reasons:
#   The system is out of physical RAM or swap space
#   This process is running with CompressedOops enabled, and the Java Heap may be blocking the growth of the native heap
# Possible solutions:
#   Reduce memory load on the system
#   Increase physical memory or swap space
#   Check if swap backing store is full
#   Decrease Java heap size (-Xmx/-Xms)
#   Decrease number of Java threads
#   Decrease Java thread stack sizes (-Xss)
#   Set larger code cache with -XX:ReservedCodeCacheSize=
#   JVM is running with Unscaled Compressed Oops mode in which the Java heap is
#     placed in the first 4GB address space. The Java Heap base address is the
#     maximum limit for the native heap growth. Please use -XX:HeapBaseMinAddress
#     to set the Java Heap base and to place the Java Heap above 4GB virtual address.
# This output file may be truncated or incomplete.
#
#  Out of Memory Error (arena.cpp:168), pid=5988, tid=21888
#
# JRE version: OpenJDK Runtime Environment Temurin-21.0.11+10 (21.0.11+10) (build 21.0.11+10-LTS)
# Java VM: OpenJDK 64-Bit Server VM Temurin-21.0.11+10 (21.0.11+10-LTS, mixed mode, sharing, tiered, compressed oops, compressed class ptrs, parallel gc, windows-amd64)
# No core dump will be written. Minidumps are not enabled by default on client versions of Windows
#

---------------  S U M M A R Y ------------

Command Line: --add-modules=ALL-SYSTEM --add-opens=java.base/java.util=ALL-UNNAMED --add-opens=java.base/java.lang=ALL-UNNAMED --add-opens=java.base/sun.nio.fs=ALL-UNNAMED -Declipse.application=org.eclipse.jdt.ls.core.id1 -Dosgi.bundles.defaultStartLevel=4 -Declipse.product=org.eclipse.jdt.ls.core.product -Djava.import.generatesMetadataFilesAtProjectRoot=false -DDetectVMInstallationsJob.disabled=true -Dfile.encoding=utf8 -XX:+UseParallelGC -XX:GCTimeRatio=4 -XX:AdaptiveSizePolicyWeight=90 -Dsun.zip.disableMemoryMapping=true -Xmx2G -Xms100m -Xlog:disable -javaagent:c:\Users\Admin\.vscode\extensions\redhat.java-1.55.0-win32-x64\lombok\lombok-1.18.39-4050.jar c:\Users\Admin\.vscode\extensions\redhat.java-1.55.0-win32-x64\server\plugins\org.eclipse.equinox.launcher_1.7.200.v20260619-2039.jar -configuration c:\Users\Admin\AppData\Roaming\Code\User\globalStorage\redhat.java\1.55.0\config_ss_win -data c:\Users\Admin\AppData\Roaming\Code\User\workspaceStorage\d40c8933e2e043388d55ccf518ea9599\redhat.java\ss_ws --pipe=\\.\pipe\lsp-0cc786fdab838a3b36c4146022e3f7c6-sock

Host: AMD Ryzen 7 5700U with Radeon Graphics         , 16 cores, 15G,  Windows 11 , 64 bit Build 26100 (10.0.26100.8737)
Time: Mon Jul 13 12:26:45 2026 Eastern Daylight Time elapsed time: 6.560060 seconds (0d 0h 0m 6s)

---------------  T H R E A D  ---------------

Current thread (0x000001c6da1247a0):  JavaThread "C2 CompilerThread1" daemon [_thread_in_native, id=21888, stack(0x000000559c100000,0x000000559c200000) (1024K)]


Current CompileTask:
C2:6560 1707   !   4       lombok.patcher.ScriptManager$OurClassFileTransformer::transform (473 bytes)

Stack: [0x000000559c100000,0x000000559c200000]
Native frames: (J=compiled Java code, j=interpreted, Vv=VM code, C=native code)
V  [jvm.dll+0x6d7e19]
V  [jvm.dll+0x8b5096]
V  [jvm.dll+0x8b764e]
V  [jvm.dll+0x8b7d33]
V  [jvm.dll+0x284596]
V  [jvm.dll+0xc685d]
V  [jvm.dll+0xc6da1]
V  [jvm.dll+0x3bed6b]
V  [jvm.dll+0x1e4149]
V  [jvm.dll+0x24c853]
V  [jvm.dll+0x24bce0]
V  [jvm.dll+0x1cb4ae]
V  [jvm.dll+0x25baad]
V  [jvm.dll+0x25a03a]
V  [jvm.dll+0x3f868e]
V  [jvm.dll+0x85fb0d]
V  [jvm.dll+0x6d664d]
C  [ucrtbase.dll+0x2cd30]
C  [KERNEL32.DLL+0x2e957]
C  [ntdll.dll+0xaad6c]


---------------  P R O C E S S  ---------------

Threads class SMR info:
_java_thread_list=0x000001c6da60f770, length=14, elements={
0x000001c6fef5a6e0, 0x000001c6ff0033b0, 0x000001c69633da30, 0x000001c6ff0062d0,
0x000001c6ff008bd0, 0x000001c6ff00cf00, 0x000001c6ff00ee20, 0x000001c6d87f9070,
0x000001c6d880ad50, 0x000001c6d88c2cc0, 0x000001c6d8a23780, 0x000001c6da0d5c60,
0x000001c6da1247a0, 0x000001c6da5a2400
}

Java Threads: ( => current thread )
  0x000001c6fef5a6e0 JavaThread "main"                              [_thread_in_vm, id=5100, stack(0x000000559b100000,0x000000559b200000) (1024K)]
  0x000001c6ff0033b0 JavaThread "Reference Handler"          daemon [_thread_blocked, id=7360, stack(0x000000559b500000,0x000000559b600000) (1024K)]
  0x000001c69633da30 JavaThread "Finalizer"                  daemon [_thread_blocked, id=25396, stack(0x000000559b600000,0x000000559b700000) (1024K)]
  0x000001c6ff0062d0 JavaThread "Signal Dispatcher"          daemon [_thread_blocked, id=2952, stack(0x000000559b700000,0x000000559b800000) (1024K)]
  0x000001c6ff008bd0 JavaThread "Attach Listener"            daemon [_thread_blocked, id=2320, stack(0x000000559b800000,0x000000559b900000) (1024K)]
  0x000001c6ff00cf00 JavaThread "Service Thread"             daemon [_thread_blocked, id=27480, stack(0x000000559b900000,0x000000559ba00000) (1024K)]
  0x000001c6ff00ee20 JavaThread "Monitor Deflation Thread"   daemon [_thread_blocked, id=26728, stack(0x000000559ba00000,0x000000559bb00000) (1024K)]
  0x000001c6d87f9070 JavaThread "C2 CompilerThread0"         daemon [_thread_blocked, id=16092, stack(0x000000559bb00000,0x000000559bc00000) (1024K)]
  0x000001c6d880ad50 JavaThread "C1 CompilerThread0"         daemon [_thread_blocked, id=11144, stack(0x000000559bc00000,0x000000559bd00000) (1024K)]
  0x000001c6d88c2cc0 JavaThread "C1 CompilerThread1"         daemon [_thread_in_vm, id=29460, stack(0x000000559bd00000,0x000000559be00000) (1024K)]
  0x000001c6d8a23780 JavaThread "Common-Cleaner"             daemon [_thread_blocked, id=25492, stack(0x000000559be00000,0x000000559bf00000) (1024K)]
  0x000001c6da0d5c60 JavaThread "Notification Thread"        daemon [_thread_blocked, id=16756, stack(0x000000559c000000,0x000000559c100000) (1024K)]
=>0x000001c6da1247a0 JavaThread "C2 CompilerThread1"         daemon [_thread_in_native, id=21888, stack(0x000000559c100000,0x000000559c200000) (1024K)]
  0x000001c6da5a2400 JavaThread "Active Thread: Equinox Container: d8502ebc-0e7a-4af4-beea-049d69eebc66"        [_thread_blocked, id=17228, stack(0x000000559c800000,0x000000559c900000) (1024K)]
Total: 14

Other Threads:
  0x000001c6963249f0 VMThread "VM Thread"                           [id=12640, stack(0x000000559b400000,0x000000559b500000) (1024K)]
  0x000001c69621ca10 WatcherThread "VM Periodic Task Thread"        [id=23400, stack(0x000000559b300000,0x000000559b400000) (1024K)]
  0x000001c6fef78e70 WorkerThread "GC Thread#0"                     [id=26692, stack(0x000000559b200000,0x000000559b300000) (1024K)]
  0x000001c6da3488e0 WorkerThread "GC Thread#1"                     [id=26056, stack(0x000000559c200000,0x000000559c300000) (1024K)]
  0x000001c6da4611c0 WorkerThread "GC Thread#2"                     [id=3856, stack(0x000000559c300000,0x000000559c400000) (1024K)]
  0x000001c6da461570 WorkerThread "GC Thread#3"                     [id=4248, stack(0x000000559c400000,0x000000559c500000) (1024K)]
  0x000001c6da3449e0 WorkerThread "GC Thread#4"                     [id=26232, stack(0x000000559c500000,0x000000559c600000) (1024K)]
  0x000001c6da52cd60 WorkerThread "GC Thread#5"                     [id=5696, stack(0x000000559c600000,0x000000559c700000) (1024K)]
  0x000001c6da52d4c0 WorkerThread "GC Thread#6"                     [id=27104, stack(0x000000559c700000,0x000000559c800000) (1024K)]
Total: 9

Threads with active compile tasks:
C1 CompilerThread1  7591 1742       3       lombok.eclipse.agent.EclipsePatcher$1::shouldTransform (107 bytes)
C2 CompilerThread1  7591 1707   !   4       lombok.patcher.ScriptManager$OurClassFileTransformer::transform (473 bytes)
Total: 2

VM state: not at safepoint (normal execution)

VM Mutex/Monitor currently owned by a thread:  ([mutex/lock_event])
[0x00007ffbe447e070] MethodCompileQueue_lock - owner thread: 0x000001c6d880ad50

Heap address: 0x0000000080000000, size: 2048 MB, Compressed Oops mode: 32-bit

CDS archive(s) mapped at: [0x000001c697000000-0x000001c697ba0000-0x000001c697ba0000), size 12189696, SharedBaseAddress: 0x000001c697000000, ArchiveRelocationMode: 1.
Compressed class space mapped at: 0x000001c698000000-0x000001c6d8000000, reserved size: 1073741824
Narrow klass base: 0x000001c697000000, Narrow klass shift: 0, Narrow klass range: 0x100000000

GC Precious Log:
 CardTable entry size: 512
 CPUs: 16 total, 16 available
 Memory: 15693M
 Large Page Support: Disabled
 NUMA Support: Disabled
 Compressed Oops: Enabled (32-bit)
 Alignments: Space 512K, Generation 512K, Heap 2M
 Heap Min Capacity: 100M
 Heap Initial Capacity: 100M
 Heap Max Capacity: 2G
 Pre-touch: Disabled
 Parallel Workers: 13

Heap:
 PSYoungGen      total 29696K, used 25479K [0x00000000d5580000, 0x00000000d7680000, 0x0000000100000000)
  eden space 25600K, 84% used [0x00000000d5580000,0x00000000d6a9ed48,0x00000000d6e80000)
  from space 4096K, 94% used [0x00000000d6e80000,0x00000000d7242ff0,0x00000000d7280000)
  to   space 4096K, 0% used [0x00000000d7280000,0x00000000d7280000,0x00000000d7680000)
 ParOldGen       total 68608K, used 16K [0x0000000080000000, 0x0000000084300000, 0x00000000d5580000)
  object space 68608K, 0% used [0x0000000080000000,0x0000000080004000,0x0000000084300000)
 Metaspace       used 7566K, committed 7872K, reserved 1114112K
  class space    used 782K, committed 896K, reserved 1048576K

Card table byte_map: [0x000001c6fe900000,0x000001c6fed10000] _byte_map_base: 0x000001c6fe500000

Marking Bits: (ParMarkBitMap*) 0x00007ffbe4484460
 Begin Bits: [0x000001c692140000, 0x000001c694140000)
 End Bits:   [0x000001c694140000, 0x000001c696140000)

Polling page: 0x000001c6fcb70000

Metaspace:

Usage:
  Non-class:      6.63 MB used.
      Class:    782.31 KB used.
       Both:      7.39 MB used.

Virtual space:
  Non-class space:       64.00 MB reserved,       6.81 MB ( 11%) committed,  1 nodes.
      Class space:        1.00 GB reserved,     896.00 KB ( <1%) committed,  1 nodes.
             Both:        1.06 GB reserved,       7.69 MB ( <1%) committed. 

Chunk freelists:
   Non-Class:  9.11 MB
       Class:  14.95 MB
        Both:  24.06 MB

MaxMetaspaceSize: unlimited
CompressedClassSpaceSize: 1.00 GB
Initial GC threshold: 21.00 MB
Current GC threshold: 21.00 MB
CDS: on
 - commit_granule_bytes: 65536.
 - commit_granule_words: 8192.
 - virtual_space_node_default_size: 8388608.
 - enlarge_chunks_in_place: 1.
 - use_allocation_guard: 0.


Internal statistics:

num_allocs_failed_limit: 0.
num_arena_births: 224.
num_arena_deaths: 0.
num_vsnodes_births: 2.
num_vsnodes_deaths: 0.
num_space_committed: 123.
num_space_uncommitted: 0.
num_chunks_returned_to_freelist: 0.
num_chunks_taken_from_freelist: 397.
num_chunk_merges: 0.
num_chunk_splits: 256.
num_chunks_enlarged: 168.
num_inconsistent_stats: 0.

CodeHeap 'non-profiled nmethods': size=119168Kb used=665Kb max_used=665Kb free=118502Kb
 bounds [0x000001c68ace0000, 0x000001c68af50000, 0x000001c692140000]
CodeHeap 'profiled nmethods': size=119104Kb used=3113Kb max_used=3113Kb free=115990Kb
 bounds [0x000001c683140000, 0x000001c683450000, 0x000001c68a590000]
CodeHeap 'non-nmethods': size=7488Kb used=1777Kb max_used=2377Kb free=5710Kb
 bounds [0x000001c68a590000, 0x000001c68a800000, 0x000001c68ace0000]
CodeCache: size=245760Kb, used=5555Kb, max_used=6155Kb, free=240202Kb
 total_blobs=2220, nmethods=1741, adapters=385, full_count=0
Compilation: enabled, stopped_count=0, restarted_count=0

Compilation events (20 events):
Event: 4.518 Thread 0x000001c6da1247a0 nmethod 1634 0x000001c68ad7c390 code [0x000001c68ad7c620, 0x000001c68ad7d948]
Event: 4.518 Thread 0x000001c6d88c2cc0 1716       3       java.lang.ClassNotFoundException::<init> (7 bytes)
Event: 4.518 Thread 0x000001c6da1247a0 1707   !   4       lombok.patcher.ScriptManager$OurClassFileTransformer::transform (473 bytes)
Event: 4.519 Thread 0x000001c6d88c2cc0 nmethod 1716 0x000001c683434710 code [0x000001c6834348c0, 0x000001c683434ac0]
Event: 4.520 Thread 0x000001c6d87f9070 nmethod 1633 0x000001c68ad7e810 code [0x000001c68ad7eaa0, 0x000001c68ad7ffe0]
Event: 4.520 Thread 0x000001c6d87f9070 1699       4       java.util.HashMap::get (19 bytes)
Event: 4.521 Thread 0x000001c6d88c2cc0 1717       3       java.lang.ClassLoader::compareCerts (197 bytes)
Event: 4.522 Thread 0x000001c6d8a653b0 1719       3       sun.invoke.util.VerifyAccess::isTypeVisible (47 bytes)
Event: 4.522 Thread 0x000001c6d88c2cc0 nmethod 1717 0x000001c683434b90 code [0x000001c683434dc0, 0x000001c6834355f8]
Event: 4.522 Thread 0x000001c6d8a653b0 nmethod 1719 0x000001c683435910 code [0x000001c683435b00, 0x000001c683435ee8]
Event: 4.524 Thread 0x000001c6d8a653b0 1721       3       java.lang.String::encode8859_1 (159 bytes)
Event: 4.524 Thread 0x000001c6d87f9070 nmethod 1699 0x000001c68ad81610 code [0x000001c68ad817e0, 0x000001c68ad81b40]
Event: 4.524 Thread 0x000001c6d87f9070 1654       4       java.lang.StringLatin1::toUpperCase (186 bytes)
Event: 4.525 Thread 0x000001c6d8a653b0 nmethod 1721 0x000001c683436110 code [0x000001c683436340, 0x000001c683436c00]
Event: 4.531 Thread 0x000001c6d8a653b0 1722       3       java.lang.ClassLoader::postDefineClass (39 bytes)
Event: 4.531 Thread 0x000001c6d8a653b0 nmethod 1722 0x000001c683436e90 code [0x000001c683437080, 0x000001c6834373a8]
Event: 4.535 Thread 0x000001c6d88c2cc0 1724       3       java.lang.ClassLoader::definePackage (85 bytes)
Event: 4.536 Thread 0x000001c6d88c2cc0 nmethod 1724 0x000001c683437590 code [0x000001c683437860, 0x000001c683438700]
Event: 4.539 Thread 0x000001c6d87f9070 nmethod 1654 0x000001c68ad82110 code [0x000001c68ad82300, 0x000001c68ad82bb8]
Event: 4.539 Thread 0x000001c6d87f9070 1723       4       lombok.patcher.scripts.AddFieldScript::patch (55 bytes)

GC Heap History (2 events):
Event: 0.957 GC heap before
{Heap before GC invocations=1 (full 0):
 PSYoungGen      total 29696K, used 25600K [0x00000000d5580000, 0x00000000d7680000, 0x0000000100000000)
  eden space 25600K, 100% used [0x00000000d5580000,0x00000000d6e80000,0x00000000d6e80000)
  from space 4096K, 0% used [0x00000000d7280000,0x00000000d7280000,0x00000000d7680000)
  to   space 4096K, 0% used [0x00000000d6e80000,0x00000000d6e80000,0x00000000d7280000)
 ParOldGen       total 68608K, used 0K [0x0000000080000000, 0x0000000084300000, 0x00000000d5580000)
  object space 68608K, 0% used [0x0000000080000000,0x0000000080000000,0x0000000084300000)
 Metaspace       used 4243K, committed 4480K, reserved 1114112K
  class space    used 465K, committed 576K, reserved 1048576K
}
Event: 0.966 GC heap after
{Heap after GC invocations=1 (full 0):
 PSYoungGen      total 29696K, used 3851K [0x00000000d5580000, 0x00000000d7680000, 0x0000000100000000)
  eden space 25600K, 0% used [0x00000000d5580000,0x00000000d5580000,0x00000000d6e80000)
  from space 4096K, 94% used [0x00000000d6e80000,0x00000000d7242ff0,0x00000000d7280000)
  to   space 4096K, 0% used [0x00000000d7280000,0x00000000d7280000,0x00000000d7680000)
 ParOldGen       total 68608K, used 16K [0x0000000080000000, 0x0000000084300000, 0x00000000d5580000)
  object space 68608K, 0% used [0x0000000080000000,0x0000000080004000,0x0000000084300000)
 Metaspace       used 4243K, committed 4480K, reserved 1114112K
  class space    used 465K, committed 576K, reserved 1048576K
}

Dll operation events (8 events):
Event: 0.017 Loaded shared library c:\Users\Admin\.vscode\extensions\redhat.java-1.55.0-win32-x64\jre\21.0.11-win32-x86_64\bin\java.dll
Event: 0.095 Loaded shared library c:\Users\Admin\.vscode\extensions\redhat.java-1.55.0-win32-x64\jre\21.0.11-win32-x86_64\bin\zip.dll
Event: 0.130 Loaded shared library C:\Users\Admin\.vscode\extensions\redhat.java-1.55.0-win32-x64\jre\21.0.11-win32-x86_64\bin\instrument.dll
Event: 0.137 Loaded shared library C:\Users\Admin\.vscode\extensions\redhat.java-1.55.0-win32-x64\jre\21.0.11-win32-x86_64\bin\net.dll
Event: 0.140 Loaded shared library C:\Users\Admin\.vscode\extensions\redhat.java-1.55.0-win32-x64\jre\21.0.11-win32-x86_64\bin\nio.dll
Event: 0.143 Loaded shared library C:\Users\Admin\.vscode\extensions\redhat.java-1.55.0-win32-x64\jre\21.0.11-win32-x86_64\bin\zip.dll
Event: 0.166 Loaded shared library C:\Users\Admin\.vscode\extensions\redhat.java-1.55.0-win32-x64\jre\21.0.11-win32-x86_64\bin\jimage.dll
Event: 0.244 Loaded shared library c:\Users\Admin\.vscode\extensions\redhat.java-1.55.0-win32-x64\jre\21.0.11-win32-x86_64\bin\verify.dll

Deoptimization events (20 events):
Event: 3.412 Thread 0x000001c6fef5a6e0 Uncommon trap: trap_request=0xffffff45 fr.pc=0x000001c68ad57a34 relative=0x0000000000000094
Event: 3.412 Thread 0x000001c6fef5a6e0 Uncommon trap: reason=unstable_if action=reinterpret pc=0x000001c68ad57a34 method=java.util.concurrent.locks.ReentrantLock$Sync.tryRelease(I)Z @ 26 c2
Event: 3.412 Thread 0x000001c6fef5a6e0 DEOPT PACKING pc=0x000001c68ad57a34 sp=0x000000559b1fe8a0
Event: 3.412 Thread 0x000001c6fef5a6e0 DEOPT UNPACKING pc=0x000001c68a5e3aa2 sp=0x000000559b1fe820 mode 2
Event: 4.469 Thread 0x000001c6fef5a6e0 Uncommon trap: trap_request=0xffffff45 fr.pc=0x000001c68ad576e0 relative=0x0000000000000040
Event: 4.469 Thread 0x000001c6fef5a6e0 Uncommon trap: reason=unstable_if action=reinterpret pc=0x000001c68ad576e0 method=java.util.concurrent.locks.AbstractQueuedSynchronizer.signalNext(Ljava/util/concurrent/locks/AbstractQueuedSynchronizer$Node;)V @ 1 c2
Event: 4.469 Thread 0x000001c6fef5a6e0 DEOPT PACKING pc=0x000001c68ad576e0 sp=0x000000559b1fe5d0
Event: 4.469 Thread 0x000001c6fef5a6e0 DEOPT UNPACKING pc=0x000001c68a5e3aa2 sp=0x000000559b1fe560 mode 2
Event: 4.539 Thread 0x000001c6fef5a6e0 Uncommon trap: trap_request=0xffffffde fr.pc=0x000001c68ad7158c relative=0x000000000000094c
Event: 4.539 Thread 0x000001c6fef5a6e0 Uncommon trap: reason=class_check action=maybe_recompile pc=0x000001c68ad7158c method=java.util.HashMap.putVal(ILjava/lang/Object;Ljava/lang/Object;ZZ)Ljava/lang/Object; @ 253 c2
Event: 4.539 Thread 0x000001c6fef5a6e0 DEOPT PACKING pc=0x000001c68ad7158c sp=0x000000559b1fe1d0
Event: 4.539 Thread 0x000001c6fef5a6e0 DEOPT UNPACKING pc=0x000001c68a5e3aa2 sp=0x000000559b1fe0f8 mode 2
Event: 4.542 Thread 0x000001c6fef5a6e0 Uncommon trap: trap_request=0xffffffde fr.pc=0x000001c68ad7158c relative=0x000000000000094c
Event: 4.542 Thread 0x000001c6fef5a6e0 Uncommon trap: reason=class_check action=maybe_recompile pc=0x000001c68ad7158c method=java.util.HashMap.putVal(ILjava/lang/Object;Ljava/lang/Object;ZZ)Ljava/lang/Object; @ 253 c2
Event: 4.542 Thread 0x000001c6fef5a6e0 DEOPT PACKING pc=0x000001c68ad7158c sp=0x000000559b1fe1d0
Event: 4.542 Thread 0x000001c6fef5a6e0 DEOPT UNPACKING pc=0x000001c68a5e3aa2 sp=0x000000559b1fe0f8 mode 2
Event: 6.558 Thread 0x000001c6fef5a6e0 Uncommon trap: trap_request=0xffffffde fr.pc=0x000001c68ad7158c relative=0x000000000000094c
Event: 6.558 Thread 0x000001c6fef5a6e0 Uncommon trap: reason=class_check action=maybe_recompile pc=0x000001c68ad7158c method=java.util.HashMap.putVal(ILjava/lang/Object;Ljava/lang/Object;ZZ)Ljava/lang/Object; @ 253 c2
Event: 6.558 Thread 0x000001c6fef5a6e0 DEOPT PACKING pc=0x000001c68ad7158c sp=0x000000559b1fe0d0
Event: 6.558 Thread 0x000001c6fef5a6e0 DEOPT UNPACKING pc=0x000001c68a5e3aa2 sp=0x000000559b1fdff8 mode 2

Classes loaded (20 events):
Event: 4.462 Loading class java/util/concurrent/Delayed
Event: 4.462 Loading class java/util/concurrent/Delayed done
Event: 4.462 Loading class java/util/concurrent/ScheduledFuture done
Event: 4.462 Loading class java/util/concurrent/RunnableScheduledFuture done
Event: 4.464 Loading class java/util/concurrent/ScheduledThreadPoolExecutor$ScheduledFutureTask
Event: 4.465 Loading class java/util/concurrent/FutureTask
Event: 4.465 Loading class java/util/concurrent/FutureTask done
Event: 4.465 Loading class java/util/concurrent/ScheduledThreadPoolExecutor$ScheduledFutureTask done
Event: 4.465 Loading class java/util/concurrent/FutureTask$WaitNode
Event: 4.465 Loading class java/util/concurrent/FutureTask$WaitNode done
Event: 4.466 Loading class java/util/concurrent/Executors$RunnableAdapter
Event: 4.466 Loading class java/util/concurrent/Executors$RunnableAdapter done
Event: 4.466 Loading class java/util/concurrent/ThreadPoolExecutor$Worker
Event: 4.466 Loading class java/util/concurrent/ThreadPoolExecutor$Worker done
Event: 4.502 Loading class java/util/ArrayList$ListItr
Event: 4.503 Loading class java/util/ArrayList$ListItr done
Event: 4.508 Loading class java/net/ContentHandlerFactory
Event: 4.508 Loading class java/net/ContentHandlerFactory done
Event: 4.542 Loading class java/util/ConcurrentModificationException
Event: 4.542 Loading class java/util/ConcurrentModificationException done

Classes unloaded (0 events):
No events

Classes redefined (0 events):
No events

Internal exceptions (20 events):
Event: 0.710 Thread 0x000001c6fef5a6e0 Exception <a 'java/lang/NoSuchMethodError'{0x00000000d6655ea8}: 'java.lang.Object java.lang.invoke.Invokers$Holder.invokeExact_MT(java.lang.Object, java.lang.Object, java.lang.Object, java.lang.Object, java.lang.Object, java.lang.Object)'> (0x00000000d6655ea8) 
thrown [s\src\hotspot\share\interpreter\linkResolver.cpp, line 773]
Event: 0.717 Thread 0x000001c6fef5a6e0 Exception <a 'java/lang/NoSuchMethodError'{0x00000000d666cf80}: 'int java.lang.invoke.DirectMethodHandle$Holder.invokeStatic(java.lang.Object, java.lang.Object, java.lang.Object, java.lang.Object, java.lang.Object)'> (0x00000000d666cf80) 
thrown [s\src\hotspot\share\interpreter\linkResolver.cpp, line 773]
Event: 0.758 Thread 0x000001c6fef5a6e0 Exception <a 'java/lang/NoSuchMethodError'{0x00000000d67028f0}: 'java.lang.Object java.lang.invoke.DirectMethodHandle$Holder.invokeInterface(java.lang.Object, java.lang.Object, int)'> (0x00000000d67028f0) 
thrown [s\src\hotspot\share\interpreter\linkResolver.cpp, line 773]
Event: 0.911 Thread 0x000001c6fef5a6e0 Exception <a 'java/lang/NoSuchMethodError'{0x00000000d6b70288}: 'java.lang.ClassLoader java.lang.ClassLoader.getPlatformClassLoader(java.lang.Class)'> (0x00000000d6b70288) 
thrown [s\src\hotspot\share\interpreter\linkResolver.cpp, line 773]
Event: 0.998 Thread 0x000001c6fef5a6e0 Exception <a 'java/lang/ClassNotFoundException'{0x00000000d56cca00}: sun/net/www/protocol/c/Handler> (0x00000000d56cca00) 
thrown [s\src\hotspot\share\classfile\systemDictionary.cpp, line 313]
Event: 0.998 Thread 0x000001c6fef5a6e0 Exception <a 'java/lang/ClassNotFoundException'{0x00000000d56cdda8}: sun/net/www/protocol/c/Handler> (0x00000000d56cdda8) 
thrown [s\src\hotspot\share\classfile\systemDictionary.cpp, line 313]
Event: 0.999 Thread 0x000001c6fef5a6e0 Exception <a 'java/lang/ClassNotFoundException'{0x00000000d56cef90}: sun/net/www/protocol/c/Handler> (0x00000000d56cef90) 
thrown [s\src\hotspot\share\classfile\systemDictionary.cpp, line 313]
Event: 1.009 Thread 0x000001c6fef5a6e0 Exception <a 'java/io/FileNotFoundException'{0x00000000d56f6bf0}> (0x00000000d56f6bf0) 
thrown [s\src\hotspot\share\prims\jni.cpp, line 520]
Event: 1.056 Thread 0x000001c6fef5a6e0 Implicit null exception at 0x000001c68ad36429 to 0x000001c68ad36c9c
Event: 1.056 Thread 0x000001c6fef5a6e0 Implicit null exception at 0x000001c68ad40a1a to 0x000001c68ad40c24
Event: 1.057 Thread 0x000001c6fef5a6e0 Exception <a 'java/lang/NoSuchMethodError'{0x00000000d586ac80}: 'void java.lang.invoke.DirectMethodHandle$Holder.invokeStatic(java.lang.Object, java.lang.Object, java.lang.Object, java.lang.Object)'> (0x00000000d586ac80) 
thrown [s\src\hotspot\share\interpreter\linkResolver.cpp, line 773]
Event: 1.058 Thread 0x000001c6fef5a6e0 Implicit null exception at 0x000001c68ad3769a to 0x000001c68ad378a4
Event: 1.058 Thread 0x000001c6fef5a6e0 Implicit null exception at 0x000001c68ad3403d to 0x000001c68ad340c1
Event: 1.149 Thread 0x000001c6fef5a6e0 Exception <a 'java/lang/NoSuchMethodError'{0x00000000d5b2aa90}: 'void java.lang.invoke.DirectMethodHandle$Holder.invokeSpecial(java.lang.Object, java.lang.Object, java.lang.Object)'> (0x00000000d5b2aa90) 
thrown [s\src\hotspot\share\interpreter\linkResolver.cpp, line 773]
Event: 3.368 Thread 0x000001c6fef5a6e0 Exception <a 'java/lang/NoSuchMethodError'{0x00000000d64408f8}: 'int java.lang.invoke.DirectMethodHandle$Holder.invokeVirtual(java.lang.Object, java.lang.Object)'> (0x00000000d64408f8) 
thrown [s\src\hotspot\share\interpreter\linkResolver.cpp, line 773]
Event: 4.442 Thread 0x000001c6fef5a6e0 Exception <a 'java/lang/NoSuchMethodError'{0x00000000d65c78d0}: 'int java.lang.invoke.DirectMethodHandle$Holder.invokeStaticInit(java.lang.Object, java.lang.Object, java.lang.Object, java.lang.Object)'> (0x00000000d65c78d0) 
thrown [s\src\hotspot\share\interpreter\linkResolver.cpp, line 773]
Event: 4.446 Thread 0x000001c6fef5a6e0 Exception <a 'java/lang/IncompatibleClassChangeError'{0x00000000d65cffb8}: Found class java.lang.Object, but interface was expected> (0x00000000d65cffb8) 
thrown [s\src\hotspot\share\interpreter\linkResolver.cpp, line 840]
Event: 4.448 Thread 0x000001c6fef5a6e0 Exception <a 'java/lang/NoSuchMethodError'{0x00000000d65d6e48}: 'void java.lang.invoke.DirectMethodHandle$Holder.invokeStaticInit(java.lang.Object, java.lang.Object)'> (0x00000000d65d6e48) 
thrown [s\src\hotspot\share\interpreter\linkResolver.cpp, line 773]
Event: 4.450 Thread 0x000001c6fef5a6e0 Exception <a 'java/lang/NoSuchMethodError'{0x00000000d65e0900}: 'int java.lang.invoke.DirectMethodHandle$Holder.invokeStaticInit(java.lang.Object, java.lang.Object)'> (0x00000000d65e0900) 
thrown [s\src\hotspot\share\interpreter\linkResolver.cpp, line 773]
Event: 4.523 Thread 0x000001c6fef5a6e0 Exception <a 'java/lang/NoSuchMethodError'{0x00000000d68665b0}: 'java.lang.Object java.lang.invoke.DirectMethodHandle$Holder.newInvokeSpecial(java.lang.Object, int, java.lang.Object)'> (0x00000000d68665b0) 
thrown [s\src\hotspot\share\interpreter\linkResolver.cpp, line 773]

ZGC Phase Switch (0 events):
No events

VM Operations (20 events):
Event: 0.181 Executing non-safepoint VM operation: HandshakeAllThreads (Deoptimize)
Event: 0.181 Executing non-safepoint VM operation: HandshakeAllThreads (Deoptimize) done
Event: 0.607 Executing non-safepoint VM operation: HandshakeAllThreads (Deoptimize)
Event: 0.607 Executing non-safepoint VM operation: HandshakeAllThreads (Deoptimize) done
Event: 0.630 Executing non-safepoint VM operation: HandshakeAllThreads (Deoptimize)
Event: 0.630 Executing non-safepoint VM operation: HandshakeAllThreads (Deoptimize) done
Event: 0.956 Executing safepoint VM operation: ParallelGCFailedAllocation (Allocation Failure)
Event: 0.966 Executing safepoint VM operation: ParallelGCFailedAllocation (Allocation Failure) done
Event: 0.976 Executing non-safepoint VM operation: HandshakeAllThreads (Deoptimize)
Event: 0.976 Executing non-safepoint VM operation: HandshakeAllThreads (Deoptimize) done
Event: 1.976 Executing safepoint VM operation: Cleanup
Event: 1.976 Executing safepoint VM operation: Cleanup done
Event: 3.993 Executing safepoint VM operation: Cleanup
Event: 4.424 Executing safepoint VM operation: Cleanup done
Event: 4.484 Executing non-safepoint VM operation: HandshakeAllThreads (Deoptimize)
Event: 4.484 Executing non-safepoint VM operation: HandshakeAllThreads (Deoptimize) done
Event: 4.503 Executing non-safepoint VM operation: HandshakeAllThreads (Deoptimize)
Event: 4.503 Executing non-safepoint VM operation: HandshakeAllThreads (Deoptimize) done
Event: 5.517 Executing safepoint VM operation: Cleanup
Event: 5.517 Executing safepoint VM operation: Cleanup done

Memory protections (0 events):
No events

Nmethod flushes (0 events):
No events

Events (15 events):
Event: 0.034 Thread 0x000001c6fef5a6e0 Thread added: 0x000001c6fef5a6e0
Event: 0.051 Thread 0x000001c6fef5a6e0 Thread added: 0x000001c6ff0033b0
Event: 0.052 Thread 0x000001c6fef5a6e0 Thread added: 0x000001c69633da30
Event: 0.052 Thread 0x000001c6fef5a6e0 Thread added: 0x000001c6ff0062d0
Event: 0.052 Thread 0x000001c6fef5a6e0 Thread added: 0x000001c6ff008bd0
Event: 0.052 Thread 0x000001c6fef5a6e0 Thread added: 0x000001c6ff00cf00
Event: 0.052 Thread 0x000001c6fef5a6e0 Thread added: 0x000001c6ff00ee20
Event: 0.053 Thread 0x000001c6fef5a6e0 Thread added: 0x000001c6d87f9070
Event: 0.053 Thread 0x000001c6fef5a6e0 Thread added: 0x000001c6d880ad50
Event: 0.059 Thread 0x000001c6d880ad50 Thread added: 0x000001c6d88c2cc0
Event: 0.132 Thread 0x000001c6fef5a6e0 Thread added: 0x000001c6d8a23780
Event: 0.177 Thread 0x000001c6d880ad50 Thread added: 0x000001c6d8a653b0
Event: 0.378 Thread 0x000001c6fef5a6e0 Thread added: 0x000001c6da0d5c60
Event: 0.751 Thread 0x000001c6d880ad50 Thread added: 0x000001c6da1247a0
Event: 4.467 Thread 0x000001c6fef5a6e0 Thread added: 0x000001c6da5a2400


Dynamic libraries:
0x00007ff7ffb10000 - 0x00007ff7ffb1e000 	c:\Users\Admin\.vscode\extensions\redhat.java-1.55.0-win32-x64\jre\21.0.11-win32-x86_64\bin\java.exe
0x00007ffc807a0000 - 0x00007ffc80a06000 	C:\WINDOWS\SYSTEM32\ntdll.dll
0x00007ffc7e9a0000 - 0x00007ffc7ea69000 	C:\WINDOWS\System32\KERNEL32.DLL
0x00007ffc7e000000 - 0x00007ffc7e400000 	C:\WINDOWS\System32\KERNELBASE.dll
0x00007ffc7daa0000 - 0x00007ffc7dbec000 	C:\WINDOWS\System32\ucrtbase.dll
0x00007ffc3f7b0000 - 0x00007ffc3f7c8000 	c:\Users\Admin\.vscode\extensions\redhat.java-1.55.0-win32-x64\jre\21.0.11-win32-x86_64\bin\jli.dll
0x00007ffc7ecf0000 - 0x00007ffc7eeb7000 	C:\WINDOWS\System32\USER32.dll
0x00007ffc5f1d0000 - 0x00007ffc5f462000 	C:\WINDOWS\WinSxS\amd64_microsoft.windows.common-controls_6595b64144ccf1df_6.0.26100.8737_none_3e092eaee333b772\COMCTL32.dll
0x00007ffc7d9c0000 - 0x00007ffc7d9e7000 	C:\WINDOWS\System32\win32u.dll
0x00007ffc7e5d0000 - 0x00007ffc7e679000 	C:\WINDOWS\System32\msvcrt.dll
0x00007ffc375d0000 - 0x00007ffc375ee000 	c:\Users\Admin\.vscode\extensions\redhat.java-1.55.0-win32-x64\jre\21.0.11-win32-x86_64\bin\VCRUNTIME140.dll
0x00007ffc7f7b0000 - 0x00007ffc7f7db000 	C:\WINDOWS\System32\GDI32.dll
0x00007ffc7ded0000 - 0x00007ffc7dff9000 	C:\WINDOWS\System32\gdi32full.dll
0x00007ffc7d9f0000 - 0x00007ffc7da93000 	C:\WINDOWS\System32\msvcp_win.dll
0x00007ffc7ea70000 - 0x00007ffc7eaa2000 	C:\WINDOWS\System32\IMM32.DLL
0x00007ffc78880000 - 0x00007ffc7888c000 	c:\Users\Admin\.vscode\extensions\redhat.java-1.55.0-win32-x64\jre\21.0.11-win32-x86_64\bin\vcruntime140_1.dll
0x00007ffc0e510000 - 0x00007ffc0e59d000 	c:\Users\Admin\.vscode\extensions\redhat.java-1.55.0-win32-x64\jre\21.0.11-win32-x86_64\bin\msvcp140.dll
0x00007ffbe37c0000 - 0x00007ffbe4562000 	c:\Users\Admin\.vscode\extensions\redhat.java-1.55.0-win32-x64\jre\21.0.11-win32-x86_64\bin\server\jvm.dll
0x00007ffc7f5d0000 - 0x00007ffc7f687000 	C:\WINDOWS\System32\ADVAPI32.dll
0x00007ffc80480000 - 0x00007ffc8052a000 	C:\WINDOWS\System32\sechost.dll
0x00007ffc7e830000 - 0x00007ffc7e948000 	C:\WINDOWS\System32\RPCRT4.dll
0x00007ffc7e540000 - 0x00007ffc7e5c0000 	C:\WINDOWS\System32\WS2_32.dll
0x00007ffc76430000 - 0x00007ffc7643b000 	C:\WINDOWS\SYSTEM32\VERSION.dll
0x00007ffc763f0000 - 0x00007ffc76426000 	C:\WINDOWS\SYSTEM32\WINMM.dll
0x00007ffc7d820000 - 0x00007ffc7d87e000 	C:\WINDOWS\SYSTEM32\POWRPROF.dll
0x00007ffc7d800000 - 0x00007ffc7d814000 	C:\WINDOWS\SYSTEM32\UMPDC.dll
0x00007ffc7c6a0000 - 0x00007ffc7c6bb000 	C:\WINDOWS\SYSTEM32\kernel.appcore.dll
0x00007ffc5c0c0000 - 0x00007ffc5c0ca000 	c:\Users\Admin\.vscode\extensions\redhat.java-1.55.0-win32-x64\jre\21.0.11-win32-x86_64\bin\jimage.dll
0x00007ffc6cc10000 - 0x00007ffc6ce52000 	C:\WINDOWS\SYSTEM32\DBGHELP.DLL
0x00007ffc7f7e0000 - 0x00007ffc7fb63000 	C:\WINDOWS\System32\combase.dll
0x00007ffc7eec0000 - 0x00007ffc7ef99000 	C:\WINDOWS\System32\OLEAUT32.dll
0x00007ffc51fe0000 - 0x00007ffc5201b000 	C:\WINDOWS\SYSTEM32\dbgcore.DLL
0x00007ffc7dc00000 - 0x00007ffc7dcac000 	C:\WINDOWS\System32\bcryptPrimitives.dll
0x00007ffc52560000 - 0x00007ffc5256f000 	c:\Users\Admin\.vscode\extensions\redhat.java-1.55.0-win32-x64\jre\21.0.11-win32-x86_64\bin\instrument.dll
0x00007ffc349d0000 - 0x00007ffc349f0000 	c:\Users\Admin\.vscode\extensions\redhat.java-1.55.0-win32-x64\jre\21.0.11-win32-x86_64\bin\java.dll
0x00007ffc7fbe0000 - 0x00007ffc80372000 	C:\WINDOWS\System32\SHELL32.dll
0x00007ffc7b460000 - 0x00007ffc7bcf2000 	C:\WINDOWS\SYSTEM32\windows.storage.dll
0x00007ffc80380000 - 0x00007ffc80477000 	C:\WINDOWS\System32\SHCORE.dll
0x00007ffc7e4d0000 - 0x00007ffc7e537000 	C:\WINDOWS\System32\shlwapi.dll
0x00007ffc7d8e0000 - 0x00007ffc7d909000 	C:\WINDOWS\SYSTEM32\profapi.dll
0x00007ffc37570000 - 0x00007ffc37588000 	c:\Users\Admin\.vscode\extensions\redhat.java-1.55.0-win32-x64\jre\21.0.11-win32-x86_64\bin\zip.dll
0x00007ffc4d950000 - 0x00007ffc4d960000 	C:\Users\Admin\.vscode\extensions\redhat.java-1.55.0-win32-x64\jre\21.0.11-win32-x86_64\bin\net.dll
0x00007ffc76ab0000 - 0x00007ffc76bd9000 	C:\WINDOWS\SYSTEM32\WINHTTP.dll
0x00007ffc7cc50000 - 0x00007ffc7ccbc000 	C:\WINDOWS\system32\mswsock.dll
0x00007ffc34860000 - 0x00007ffc34876000 	C:\Users\Admin\.vscode\extensions\redhat.java-1.55.0-win32-x64\jre\21.0.11-win32-x86_64\bin\nio.dll
0x00007ffc4cc70000 - 0x00007ffc4cc80000 	c:\Users\Admin\.vscode\extensions\redhat.java-1.55.0-win32-x64\jre\21.0.11-win32-x86_64\bin\verify.dll

JVMTI agents:
c:\Users\Admin\.vscode\extensions\redhat.java-1.55.0-win32-x64\lombok\lombok-1.18.39-4050.jar path:c:\Users\Admin\.vscode\extensions\redhat.java-1.55.0-win32-x64\jre\21.0.11-win32-x86_64\bin\instrument.dll, loaded, initialized, instrumentlib options:none

dbghelp: loaded successfully - version: 4.0.5 - missing functions: none
symbol engine: initialized successfully - sym options: 0x614 - pdb path: .;c:\Users\Admin\.vscode\extensions\redhat.java-1.55.0-win32-x64\jre\21.0.11-win32-x86_64\bin;C:\WINDOWS\SYSTEM32;C:\WINDOWS\WinSxS\amd64_microsoft.windows.common-controls_6595b64144ccf1df_6.0.26100.8737_none_3e092eaee333b772;c:\Users\Admin\.vscode\extensions\redhat.java-1.55.0-win32-x64\jre\21.0.11-win32-x86_64\bin\server

VM Arguments:
jvm_args: --add-modules=ALL-SYSTEM --add-opens=java.base/java.util=ALL-UNNAMED --add-opens=java.base/java.lang=ALL-UNNAMED --add-opens=java.base/sun.nio.fs=ALL-UNNAMED -Declipse.application=org.eclipse.jdt.ls.core.id1 -Dosgi.bundles.defaultStartLevel=4 -Declipse.product=org.eclipse.jdt.ls.core.product -Djava.import.generatesMetadataFilesAtProjectRoot=false -DDetectVMInstallationsJob.disabled=true -Dfile.encoding=utf8 -XX:+UseParallelGC -XX:GCTimeRatio=4 -XX:AdaptiveSizePolicyWeight=90 -Dsun.zip.disableMemoryMapping=true -Xmx2G -Xms100m -Xlog:disable -javaagent:c:\Users\Admin\.vscode\extensions\redhat.java-1.55.0-win32-x64\lombok\lombok-1.18.39-4050.jar 
java_command: c:\Users\Admin\.vscode\extensions\redhat.java-1.55.0-win32-x64\server\plugins\org.eclipse.equinox.launcher_1.7.200.v20260619-2039.jar -configuration c:\Users\Admin\AppData\Roaming\Code\User\globalStorage\redhat.java\1.55.0\config_ss_win -data c:\Users\Admin\AppData\Roaming\Code\User\workspaceStorage\d40c8933e2e043388d55ccf518ea9599\redhat.java\ss_ws --pipe=\\.\pipe\lsp-0cc786fdab838a3b36c4146022e3f7c6-sock
java_class_path (initial): c:\Users\Admin\.vscode\extensions\redhat.java-1.55.0-win32-x64\server\plugins\org.eclipse.equinox.launcher_1.7.200.v20260619-2039.jar
Launcher Type: SUN_STANDARD

[Global flags]
    uintx AdaptiveSizePolicyWeight                 = 90                                        {product} {command line}
     intx CICompilerCount                          = 12                                        {product} {ergonomic}
    uintx GCTimeRatio                              = 4                                         {product} {command line}
   size_t InitialHeapSize                          = 104857600                                 {product} {command line}
   size_t MaxHeapSize                              = 2147483648                                {product} {command line}
   size_t MaxNewSize                               = 715653120                                 {product} {ergonomic}
   size_t MinHeapDeltaBytes                        = 524288                                    {product} {ergonomic}
   size_t MinHeapSize                              = 104857600                                 {product} {command line}
   size_t NewSize                                  = 34603008                                  {product} {ergonomic}
    uintx NonNMethodCodeHeapSize                   = 7602480                                {pd product} {ergonomic}
    uintx NonProfiledCodeHeapSize                  = 122027880                              {pd product} {ergonomic}
   size_t OldSize                                  = 70254592                                  {product} {ergonomic}
    uintx ProfiledCodeHeapSize                     = 122027880                              {pd product} {ergonomic}
    uintx ReservedCodeCacheSize                    = 251658240                              {pd product} {ergonomic}
     bool SegmentedCodeCache                       = true                                      {product} {ergonomic}
   size_t SoftMaxHeapSize                          = 2147483648                             {manageable} {ergonomic}
     bool UseCompressedOops                        = true                           {product lp64_product} {ergonomic}
     bool UseLargePagesIndividualAllocation        = false                                  {pd product} {ergonomic}
     bool UseParallelGC                            = true                                      {product} {command line}

Logging:
Log output configuration:
 #0: stdout all=off uptime,level,tags foldmultilines=false
 #1: stderr all=off uptime,level,tags foldmultilines=false

Release file:
JAVA_VERSION="21.0.11" 
MODULES="java.base java.compiler java.datatransfer java.xml java.prefs java.desktop java.instrument java.logging java.management java.security.sasl java.naming java.rmi java.management.rmi java.net.http java.scripting java.security.jgss java.transaction.xa java.sql java.sql.rowset java.xml.crypto java.se java.smartcardio jdk.accessibility jdk.internal.jvmstat jdk.attach jdk.charsets jdk.internal.opt jdk.zipfs jdk.compiler jdk.crypto.ec jdk.crypto.cryptoki jdk.crypto.mscapi jdk.dynalink jdk.internal.ed jdk.editpad jdk.hotspot.agent jdk.httpserver jdk.internal.le jdk.internal.vm.ci jdk.internal.vm.compiler jdk.internal.vm.compiler.management jdk.jartool jdk.javadoc jdk.jcmd jdk.management jdk.management.agent jdk.jconsole jdk.jdeps jdk.jdwp.agent jdk.jdi jdk.jfr jdk.jshell jdk.jsobject jdk.jstatd jdk.localedata jdk.management.jfr jdk.naming.dns jdk.naming.rmi jdk.net jdk.nio.mapmode jdk.random jdk.sctp jdk.security.auth jdk.security.jgss jdk.unsupported jdk.unsupported.desktop jdk.xml.dom" 

Environment Variables:
JAVA_HOME=C:\Program Files\Java\jdk-17
PATH=C:\Program Files\Common Files\Oracle\Java\javapath;C:\Program Files (x86)\Common Files\Oracle\Java\javapath;C:\WINDOWS\system32;C:\WINDOWS;C:\WINDOWS\System32\Wbem;C:\WINDOWS\System32\WindowsPowerShell\v1.0\;C:\WINDOWS\System32\OpenSSH\;C:\Program Files\Java\jdk-17\bin;C:\Program Files\Git\cmd;C:\Users\Admin\Downloads\apache-maven-3.9.9-bin\apache-maven-3.9.9\bin;C:\Users\Admin\Desktop\apache ant\apache-ant-1.10.15\bin;C:\Program Files\PMD\pmd-bin-7.7.0\bin;C:\Program Files\nodejs\;C:\Program Files\Docker\Docker\resources\bin;C:\Users\Admin\AppData\Local\Programs\Python\Python312\Scripts\;C:\Users\Admin\AppData\Local\Programs\Python\Python312\;C:\Users\Admin\AppData\Local\Microsoft\WindowsApps;C:\Users\Admin\AppData\Local\Programs\Microsoft VS Code\bin;C:\Users\Admin\AppData\Local\GitHubDesktop\bin;C:\Users\Admin\AppData\Roaming\npm
USERNAME=Admin
OS=Windows_NT
PROCESSOR_IDENTIFIER=AMD64 Family 23 Model 104 Stepping 1, AuthenticAMD
TMP=C:\Users\Admin\AppData\Local\Temp
TEMP=C:\Users\Admin\AppData\Local\Temp




Periodic native trim disabled

---------------  S Y S T E M  ---------------

OS:
 Windows 11 , 64 bit Build 26100 (10.0.26100.8737)
OS uptime: 0 days 0:41 hours
Hyper-V role detected

CPU: total 16 (initial active 16) (16 cores per cpu, 2 threads per core) family 23 model 104 stepping 1 microcode 0x8608109, cx8, cmov, fxsr, ht, mmx, 3dnowpref, sse, sse2, sse3, ssse3, sse4a, sse4.1, sse4.2, popcnt, lzcnt, tsc, tscinvbit, avx, avx2, aes, clmul, bmi1, bmi2, adx, sha, fma, vzeroupper, clflush, clflushopt, hv, rdtscp, rdpid, f16c
Processor Information for the first 16 processors :
  Max Mhz: 1801, Current Mhz: 1801, Mhz Limit: 1801

Memory: 4k page, system-wide physical 15693M (362M free)
TotalPageFile size 23885M (AvailPageFile size 4M)
current process WorkingSet (physical memory assigned to process): 90M, peak: 93M
current process commit charge ("private bytes"): 257M, peak: 259M

vm_info: OpenJDK 64-Bit Server VM (21.0.11+10-LTS) for windows-amd64 JRE (21.0.11+10-LTS), built on 2026-04-21T00:00:00Z by "admin" with MS VC++ 17.12 (VS2022)

END.
